

Microchip MPLAB XC8 Assembler V2.36 build 20220127204148 
                                                                                               Sat Jul 23 01:17:16 2022

Microchip MPLAB XC8 C Compiler v2.36 (Free license) build 20220127204148 Og1 
     1                           	processor	18F57Q43
     2                           	fnconf	rparam,??,?,0
     3                           	pagewidth 120
     4                           	opt	flic
     5                           	psect	cinit,global,reloc=2,class=CODE,delta=1
     6                           	psect	cstackCOMRAM,global,class=COMRAM,space=1,delta=1,lowdata,noexec
     7                           	psect	text0,global,reloc=2,class=CODE,delta=1
     8                           	psect	text1,global,reloc=2,class=CODE,delta=1
     9                           	psect	text2,global,reloc=2,class=CODE,delta=1
    10                           	psect	text3,global,reloc=2,class=CODE,delta=1
    11                           	psect	text4,global,reloc=2,class=CODE,delta=1
    12                           	psect	intsave_regs,global,class=BIGRAM,space=1,delta=1,noexec
    13                           	psect	rparam,global,class=COMRAM,space=1,delta=1,noexec
    14                           	psect	idloc,global,abs,ovrld,class=IDLOC,space=5,delta=1,noexec
    15                           	psect	config,global,abs,ovrld,class=CONFIG,space=4,delta=1,noexec
    16  0000                     
    17                           ; Version 2.40
    18                           ; Generated 08/12/2021 GMT
    19                           ; 
    20                           ; Copyright © 2021, Microchip Technology Inc. and its subsidiaries ("Microchip")
    21                           ; All rights reserved.
    22                           ; 
    23                           ; This software is developed by Microchip Technology Inc. and its subsidiaries ("Microch
      +                          ip").
    24                           ; 
    25                           ; Redistribution and use in source and binary forms, with or without modification, are
    26                           ; permitted provided that the following conditions are met:
    27                           ; 
    28                           ;     1. Redistributions of source code must retain the above copyright notice, this lis
      +                          t of
    29                           ;        conditions and the following disclaimer.
    30                           ; 
    31                           ;     2. Redistributions in binary form must reproduce the above copyright notice, this 
      +                          list
    32                           ;        of conditions and the following disclaimer in the documentation and/or other
    33                           ;        materials provided with the distribution. Publication is not required when
    34                           ;        this file is used in an embedded application.
    35                           ; 
    36                           ;     3. Microchip's name may not be used to endorse or promote products derived from th
      +                          is
    37                           ;        software without specific prior written permission.
    38                           ; 
    39                           ; THIS SOFTWARE IS PROVIDED BY MICROCHIP "AS IS" AND ANY EXPRESS OR IMPLIED WARRANTIES,
    40                           ; INCLUDING, BUT NOT LIMITED TO, THE IMPLIED WARRANTIES OF MERCHANTABILITY AND FITNESS F
      +                          OR
    41                           ; PURPOSE ARE DISCLAIMED.  IN NO EVENT SHALL MICROCHIP BE LIABLE FOR ANY DIRECT, INDIREC
      +                          T,
    42                           ; INCIDENTAL, SPECIAL, EXEMPLARY, OR CONSEQUENTIAL DAMAGES (INCLUDING BUT NOT LIMITED TO
    43                           ; PROCUREMENT OF SUBSTITUTE GOODS OR SERVICES; LOSS OF USE, DATA OR PROFITS; OR BUSINESS
    44                           ; INTERRUPTION) HOWSOEVER CAUSED AND ON ANY THEORY OF LIABILITY, WHETHER IN CONTRACT, ST
      +                          RICT
    45                           ; LIABILITY, OR TORT (INCLUDING NEGLIGENCE OR OTHERWISE) ARISING IN ANY WAY OUT OF THE U
      +                          SE OF
    46                           ; THIS SOFTWARE, EVEN IF ADVISED OF THE POSSIBILITY OF SUCH DAMAGE.
    47                           ; 
    48                           ; 
    49                           ; Code-generator required, PIC18F57Q43 Definitions
    50                           ; 
    51                           ; SFR Addresses
    52  0000                     _TRISD	set	1225
    53  0000                     _TRISC	set	1224
    54  0000                     _TRISB	set	1223
    55  0000                     _LATC	set	1216
    56  0000                     _LATB	set	1215
    57  0000                     _OSCTUNE	set	176
    58  0000                     _OSCFRQ	set	177
    59  0000                     _OSCEN	set	179
    60  0000                     _PMD0	set	96
    61  0000                     _ACTCON	set	172
    62  0000                     _OSCCON1	set	173
    63  0000                     _OSCCON3	set	175
    64  0000                     _RC4I2C	set	646
    65  0000                     _RC3I2C	set	647
    66  0000                     _RB2I2C	set	648
    67  0000                     _RB1I2C	set	649
    68  0000                     _ANSELA	set	1024
    69  0000                     _ANSELB	set	1032
    70  0000                     _ANSELC	set	1040
    71  0000                     _ANSELD	set	1048
    72  0000                     _LATA	set	1214
    73  0000                     _LATD	set	1217
    74  0000                     _LATE	set	1218
    75  0000                     _PMD3	set	99
    76  0000                     _PMD1	set	97
    77  0000                     _PMD8	set	104
    78  0000                     _PMD7	set	103
    79  0000                     _PMD6	set	102
    80  0000                     _PMD5	set	101
    81  0000                     _PMD4	set	100
    82  0000                     _TRISA	set	1222
    83  0000                     _TRISE	set	1226
    84  0000                     _LATF	set	1219
    85  0000                     _TRISF	set	1227
    86  0000                     _INLVLD	set	1052
    87  0000                     _SLRCOND	set	1051
    88  0000                     _ODCOND	set	1050
    89  0000                     _WPUD	set	1049
    90  0000                     _ANSELE	set	1056
    91  0000                     _INLVLC	set	1044
    92  0000                     _SLRCONC	set	1043
    93  0000                     _ODCONC	set	1042
    94  0000                     _WPUC	set	1041
    95  0000                     _INLVLB	set	1036
    96  0000                     _SLRCONB	set	1035
    97  0000                     _ODCONB	set	1034
    98  0000                     _WPUB	set	1033
    99  0000                     _INLVLE	set	1060
   100  0000                     _SLRCONE	set	1059
   101  0000                     _ODCONE	set	1058
   102  0000                     _WPUE	set	1057
   103  0000                     _ANSELF	set	1064
   104  0000                     _INLVLF	set	1068
   105  0000                     _SLRCONF	set	1067
   106  0000                     _ODCONF	set	1066
   107  0000                     _WPUF	set	1065
   108  0000                     _INLVLA	set	1028
   109  0000                     _SLRCONA	set	1027
   110  0000                     _ODCONA	set	1026
   111  0000                     _WPUA	set	1025
   112                           
   113                           ; #config settings
   114                           
   115                           	psect	cinit
   116  01FEFE                     __pcinit:
   117                           	callstack 0
   118  01FEFE                     start_initialization:
   119                           	callstack 0
   120  01FEFE                     __initialization:
   121                           	callstack 0
   122  01FEFE                     end_of_initialization:
   123                           	callstack 0
   124  01FEFE                     __end_of__initialization:
   125                           	callstack 0
   126  01FEFE  0100               	movlb	0
   127  01FF00  EF89  F0FF         	goto	_main	;jump to C main() function
   128                           
   129                           	psect	cstackCOMRAM
   130  000000                     __pcstackCOMRAM:
   131                           	callstack 0
   132  000000                     
   133                           ; 1 bytes @ 0x0
   134 ;;
   135 ;;Main: autosize = 0, tempsize = 0, incstack = 0, save=0
   136 ;;
   137 ;; *************** function _main *****************
   138 ;; Defined at:
   139 ;;		line 49 in file "main.c"
   140 ;; Parameters:    Size  Location     Type
   141 ;;		None
   142 ;; Auto vars:     Size  Location     Type
   143 ;;		None
   144 ;; Return value:  Size  Location     Type
   145 ;;                  1    wreg      void 
   146 ;; Registers used:
   147 ;;		wreg, status,2, cstack
   148 ;; Tracked objects:
   149 ;;		On entry : 0/0
   150 ;;		On exit  : 0/0
   151 ;;		Unchanged: 0/0
   152 ;; Data sizes:     COMRAM   BANK5   BANK6   BANK7   BANK8   BANK9  BANK10  BANK11  BANK12  BANK13  BANK14  BANK15  BANK1
      +6  BANK17  BANK18  BANK19  BANK20  BANK21  BANK22  BANK23  BANK24  BANK25  BANK26  BANK27  BANK28  BANK29  BANK30  BANK3
      +1  BANK32  BANK33  BANK34  BANK35  BANK36
   153 ;;      Params:         0       0       0       0       0       0       0       0       0       0       0       0       
      +0       0       0       0       0       0       0       0       0       0       0       0       0       0       0       
      +0       0       0       0       0       0
   154 ;;      Locals:         0       0       0       0       0       0       0       0       0       0       0       0       
      +0       0       0       0       0       0       0       0       0       0       0       0       0       0       0       
      +0       0       0       0       0       0
   155 ;;      Temps:          0       0       0       0       0       0       0       0       0       0       0       0       
      +0       0       0       0       0       0       0       0       0       0       0       0       0       0       0       
      +0       0       0       0       0       0
   156 ;;      Totals:         0       0       0       0       0       0       0       0       0       0       0       0       
      +0       0       0       0       0       0       0       0       0       0       0       0       0       0       0       
      +0       0       0       0       0       0
   157 ;;Total ram usage:        0 bytes
   158 ;; Hardware stack levels required when called: 2
   159 ;; This function calls:
   160 ;;		_SYSTEM_Initialize
   161 ;; This function is called by:
   162 ;;		Startup code after reset
   163 ;; This function uses a non-reentrant model
   164 ;;
   165                           
   166                           	psect	text0
   167  01FF12                     __ptext0:
   168                           	callstack 0
   169  01FF12                     _main:
   170                           	callstack 125
   171  01FF12                     
   172                           ;main.c: 52:     SYSTEM_Initialize();
   173  01FF12  EC82  F0FF         	call	_SYSTEM_Initialize	;wreg free
   174  01FF16                     l875:
   175                           
   176                           ;main.c: 65:     {;main.c: 67:         LATA = 0xff;
   177  01FF16  68BE               	setf	190,c	;volatile
   178  01FF18  EF8B  F0FF         	goto	l875
   179  01FF1C  EFFE  F0FF         	goto	start
   180  01FF20                     __end_of_main:
   181                           	callstack 0
   182                           
   183 ;; *************** function _SYSTEM_Initialize *****************
   184 ;; Defined at:
   185 ;;		line 50 in file "mcc_generated_files/mcc.c"
   186 ;; Parameters:    Size  Location     Type
   187 ;;		None
   188 ;; Auto vars:     Size  Location     Type
   189 ;;		None
   190 ;; Return value:  Size  Location     Type
   191 ;;                  1    wreg      void 
   192 ;; Registers used:
   193 ;;		wreg, status,2, cstack
   194 ;; Tracked objects:
   195 ;;		On entry : 0/0
   196 ;;		On exit  : 0/0
   197 ;;		Unchanged: 0/0
   198 ;; Data sizes:     COMRAM   BANK5   BANK6   BANK7   BANK8   BANK9  BANK10  BANK11  BANK12  BANK13  BANK14  BANK15  BANK1
      +6  BANK17  BANK18  BANK19  BANK20  BANK21  BANK22  BANK23  BANK24  BANK25  BANK26  BANK27  BANK28  BANK29  BANK30  BANK3
      +1  BANK32  BANK33  BANK34  BANK35  BANK36
   199 ;;      Params:         0       0       0       0       0       0       0       0       0       0       0       0       
      +0       0       0       0       0       0       0       0       0       0       0       0       0       0       0       
      +0       0       0       0       0       0
   200 ;;      Locals:         0       0       0       0       0       0       0       0       0       0       0       0       
      +0       0       0       0       0       0       0       0       0       0       0       0       0       0       0       
      +0       0       0       0       0       0
   201 ;;      Temps:          0       0       0       0       0       0       0       0       0       0       0       0       
      +0       0       0       0       0       0       0       0       0       0       0       0       0       0       0       
      +0       0       0       0       0       0
   202 ;;      Totals:         0       0       0       0       0       0       0       0       0       0       0       0       
      +0       0       0       0       0       0       0       0       0       0       0       0       0       0       0       
      +0       0       0       0       0       0
   203 ;;Total ram usage:        0 bytes
   204 ;; Hardware stack levels used: 1
   205 ;; Hardware stack levels required when called: 1
   206 ;; This function calls:
   207 ;;		_OSCILLATOR_Initialize
   208 ;;		_PIN_MANAGER_Initialize
   209 ;;		_PMD_Initialize
   210 ;; This function is called by:
   211 ;;		_main
   212 ;; This function uses a non-reentrant model
   213 ;;
   214                           
   215                           	psect	text1
   216  01FF04                     __ptext1:
   217                           	callstack 0
   218  01FF04                     _SYSTEM_Initialize:
   219                           	callstack 125
   220  01FF04                     
   221                           ;mcc_generated_files/mcc.c: 52:     PMD_Initialize();
   222  01FF04  EC9E  F0FF         	call	_PMD_Initialize	;wreg free
   223                           
   224                           ;mcc_generated_files/mcc.c: 53:     PIN_MANAGER_Initialize();
   225  01FF08  ECB0  F0FF         	call	_PIN_MANAGER_Initialize	;wreg free
   226                           
   227                           ;mcc_generated_files/mcc.c: 54:     OSCILLATOR_Initialize();
   228  01FF0C  EC90  F0FF         	call	_OSCILLATOR_Initialize	;wreg free
   229  01FF10  0012               	return		;funcret
   230  01FF12                     __end_of_SYSTEM_Initialize:
   231                           	callstack 0
   232                           
   233 ;; *************** function _PMD_Initialize *****************
   234 ;; Defined at:
   235 ;;		line 73 in file "mcc_generated_files/mcc.c"
   236 ;; Parameters:    Size  Location     Type
   237 ;;		None
   238 ;; Auto vars:     Size  Location     Type
   239 ;;		None
   240 ;; Return value:  Size  Location     Type
   241 ;;                  1    wreg      void 
   242 ;; Registers used:
   243 ;;		wreg, status,2
   244 ;; Tracked objects:
   245 ;;		On entry : 0/0
   246 ;;		On exit  : 0/0
   247 ;;		Unchanged: 0/0
   248 ;; Data sizes:     COMRAM   BANK5   BANK6   BANK7   BANK8   BANK9  BANK10  BANK11  BANK12  BANK13  BANK14  BANK15  BANK1
      +6  BANK17  BANK18  BANK19  BANK20  BANK21  BANK22  BANK23  BANK24  BANK25  BANK26  BANK27  BANK28  BANK29  BANK30  BANK3
      +1  BANK32  BANK33  BANK34  BANK35  BANK36
   249 ;;      Params:         0       0       0       0       0       0       0       0       0       0       0       0       
      +0       0       0       0       0       0       0       0       0       0       0       0       0       0       0       
      +0       0       0       0       0       0
   250 ;;      Locals:         0       0       0       0       0       0       0       0       0       0       0       0       
      +0       0       0       0       0       0       0       0       0       0       0       0       0       0       0       
      +0       0       0       0       0       0
   251 ;;      Temps:          0       0       0       0       0       0       0       0       0       0       0       0       
      +0       0       0       0       0       0       0       0       0       0       0       0       0       0       0       
      +0       0       0       0       0       0
   252 ;;      Totals:         0       0       0       0       0       0       0       0       0       0       0       0       
      +0       0       0       0       0       0       0       0       0       0       0       0       0       0       0       
      +0       0       0       0       0       0
   253 ;;Total ram usage:        0 bytes
   254 ;; Hardware stack levels used: 1
   255 ;; This function calls:
   256 ;;		Nothing
   257 ;; This function is called by:
   258 ;;		_SYSTEM_Initialize
   259 ;; This function uses a non-reentrant model
   260 ;;
   261                           
   262                           	psect	text2
   263  01FF3C                     __ptext2:
   264                           	callstack 0
   265  01FF3C                     _PMD_Initialize:
   266                           	callstack 125
   267  01FF3C                     
   268                           ;mcc_generated_files/mcc.c: 76:     PMD0 = 0x00;
   269  01FF3C  0E00               	movlw	0
   270  01FF3E  0100               	movlb	0	; () banked
   271  01FF40  6F60               	movwf	96,b	;volatile
   272                           
   273                           ;mcc_generated_files/mcc.c: 78:     PMD1 = 0x00;
   274  01FF42  0E00               	movlw	0
   275  01FF44  6F61               	movwf	97,b	;volatile
   276                           
   277                           ;mcc_generated_files/mcc.c: 80:     PMD3 = 0x00;
   278  01FF46  0E00               	movlw	0
   279  01FF48  6F63               	movwf	99,b	;volatile
   280                           
   281                           ;mcc_generated_files/mcc.c: 82:     PMD4 = 0x00;
   282  01FF4A  0E00               	movlw	0
   283  01FF4C  6F64               	movwf	100,b	;volatile
   284                           
   285                           ;mcc_generated_files/mcc.c: 84:     PMD5 = 0x00;
   286  01FF4E  0E00               	movlw	0
   287  01FF50  6F65               	movwf	101,b	;volatile
   288                           
   289                           ;mcc_generated_files/mcc.c: 86:     PMD6 = 0x00;
   290  01FF52  0E00               	movlw	0
   291  01FF54  6F66               	movwf	102,b	;volatile
   292                           
   293                           ;mcc_generated_files/mcc.c: 88:     PMD7 = 0x00;
   294  01FF56  0E00               	movlw	0
   295  01FF58  6F67               	movwf	103,b	;volatile
   296                           
   297                           ;mcc_generated_files/mcc.c: 90:     PMD8 = 0x00;
   298  01FF5A  0E00               	movlw	0
   299  01FF5C  6F68               	movwf	104,b	;volatile
   300  01FF5E                     
   301                           ; BSR set to: 0
   302  01FF5E  0012               	return		;funcret
   303  01FF60                     __end_of_PMD_Initialize:
   304                           	callstack 0
   305                           
   306 ;; *************** function _PIN_MANAGER_Initialize *****************
   307 ;; Defined at:
   308 ;;		line 55 in file "mcc_generated_files/pin_manager.c"
   309 ;; Parameters:    Size  Location     Type
   310 ;;		None
   311 ;; Auto vars:     Size  Location     Type
   312 ;;		None
   313 ;; Return value:  Size  Location     Type
   314 ;;                  1    wreg      void 
   315 ;; Registers used:
   316 ;;		wreg, status,2
   317 ;; Tracked objects:
   318 ;;		On entry : 0/0
   319 ;;		On exit  : 0/0
   320 ;;		Unchanged: 0/0
   321 ;; Data sizes:     COMRAM   BANK5   BANK6   BANK7   BANK8   BANK9  BANK10  BANK11  BANK12  BANK13  BANK14  BANK15  BANK1
      +6  BANK17  BANK18  BANK19  BANK20  BANK21  BANK22  BANK23  BANK24  BANK25  BANK26  BANK27  BANK28  BANK29  BANK30  BANK3
      +1  BANK32  BANK33  BANK34  BANK35  BANK36
   322 ;;      Params:         0       0       0       0       0       0       0       0       0       0       0       0       
      +0       0       0       0       0       0       0       0       0       0       0       0       0       0       0       
      +0       0       0       0       0       0
   323 ;;      Locals:         0       0       0       0       0       0       0       0       0       0       0       0       
      +0       0       0       0       0       0       0       0       0       0       0       0       0       0       0       
      +0       0       0       0       0       0
   324 ;;      Temps:          0       0       0       0       0       0       0       0       0       0       0       0       
      +0       0       0       0       0       0       0       0       0       0       0       0       0       0       0       
      +0       0       0       0       0       0
   325 ;;      Totals:         0       0       0       0       0       0       0       0       0       0       0       0       
      +0       0       0       0       0       0       0       0       0       0       0       0       0       0       0       
      +0       0       0       0       0       0
   326 ;;Total ram usage:        0 bytes
   327 ;; Hardware stack levels used: 1
   328 ;; This function calls:
   329 ;;		Nothing
   330 ;; This function is called by:
   331 ;;		_SYSTEM_Initialize
   332 ;; This function uses a non-reentrant model
   333 ;;
   334                           
   335                           	psect	text3
   336  01FF60                     __ptext3:
   337                           	callstack 0
   338  01FF60                     _PIN_MANAGER_Initialize:
   339                           	callstack 125
   340  01FF60                     
   341                           ;mcc_generated_files/pin_manager.c: 60:     LATE = 0x00;
   342  01FF60  0E00               	movlw	0
   343  01FF62  6EC2               	movwf	194,c	;volatile
   344                           
   345                           ;mcc_generated_files/pin_manager.c: 61:     LATD = 0x00;
   346  01FF64  0E00               	movlw	0
   347  01FF66  6EC1               	movwf	193,c	;volatile
   348                           
   349                           ;mcc_generated_files/pin_manager.c: 62:     LATA = 0x00;
   350  01FF68  0E00               	movlw	0
   351  01FF6A  6EBE               	movwf	190,c	;volatile
   352                           
   353                           ;mcc_generated_files/pin_manager.c: 63:     LATF = 0x00;
   354  01FF6C  0E00               	movlw	0
   355  01FF6E  6EC3               	movwf	195,c	;volatile
   356                           
   357                           ;mcc_generated_files/pin_manager.c: 64:     LATB = 0x00;
   358  01FF70  0E00               	movlw	0
   359  01FF72  6EBF               	movwf	191,c	;volatile
   360                           
   361                           ;mcc_generated_files/pin_manager.c: 65:     LATC = 0x00;
   362  01FF74  0E00               	movlw	0
   363  01FF76  6EC0               	movwf	192,c	;volatile
   364                           
   365                           ;mcc_generated_files/pin_manager.c: 70:     TRISE = 0x07;
   366  01FF78  0E07               	movlw	7
   367  01FF7A  6ECA               	movwf	202,c	;volatile
   368  01FF7C                     
   369                           ;mcc_generated_files/pin_manager.c: 71:     TRISF = 0xFF;
   370  01FF7C  68CB               	setf	203,c	;volatile
   371                           
   372                           ;mcc_generated_files/pin_manager.c: 72:     TRISA = 0x00;
   373  01FF7E  0E00               	movlw	0
   374  01FF80  6EC6               	movwf	198,c	;volatile
   375  01FF82                     
   376                           ;mcc_generated_files/pin_manager.c: 73:     TRISB = 0xFF;
   377  01FF82  68C7               	setf	199,c	;volatile
   378  01FF84                     
   379                           ;mcc_generated_files/pin_manager.c: 74:     TRISC = 0xFF;
   380  01FF84  68C8               	setf	200,c	;volatile
   381  01FF86                     
   382                           ;mcc_generated_files/pin_manager.c: 75:     TRISD = 0xFF;
   383  01FF86  68C9               	setf	201,c	;volatile
   384  01FF88                     
   385                           ;mcc_generated_files/pin_manager.c: 80:     ANSELD = 0xFF;
   386  01FF88  0104               	movlb	4	; () banked
   387  01FF8A  6918               	setf	24,b	;volatile
   388  01FF8C                     
   389                           ; BSR set to: 4
   390                           ;mcc_generated_files/pin_manager.c: 81:     ANSELC = 0xFF;
   391  01FF8C  6910               	setf	16,b	;volatile
   392  01FF8E                     
   393                           ; BSR set to: 4
   394                           ;mcc_generated_files/pin_manager.c: 82:     ANSELB = 0xFF;
   395  01FF8E  6908               	setf	8,b	;volatile
   396                           
   397                           ;mcc_generated_files/pin_manager.c: 83:     ANSELE = 0x07;
   398  01FF90  0E07               	movlw	7
   399  01FF92  6F20               	movwf	32,b	;volatile
   400  01FF94                     
   401                           ; BSR set to: 4
   402                           ;mcc_generated_files/pin_manager.c: 84:     ANSELF = 0xFF;
   403  01FF94  6928               	setf	40,b	;volatile
   404                           
   405                           ;mcc_generated_files/pin_manager.c: 85:     ANSELA = 0x00;
   406  01FF96  0E00               	movlw	0
   407  01FF98  6F00               	movwf	0,b	;volatile
   408                           
   409                           ;mcc_generated_files/pin_manager.c: 90:     WPUD = 0x00;
   410  01FF9A  0E00               	movlw	0
   411  01FF9C  6F19               	movwf	25,b	;volatile
   412                           
   413                           ;mcc_generated_files/pin_manager.c: 91:     WPUF = 0x00;
   414  01FF9E  0E00               	movlw	0
   415  01FFA0  6F29               	movwf	41,b	;volatile
   416                           
   417                           ;mcc_generated_files/pin_manager.c: 92:     WPUE = 0x00;
   418  01FFA2  0E00               	movlw	0
   419  01FFA4  6F21               	movwf	33,b	;volatile
   420                           
   421                           ;mcc_generated_files/pin_manager.c: 93:     WPUB = 0x00;
   422  01FFA6  0E00               	movlw	0
   423  01FFA8  6F09               	movwf	9,b	;volatile
   424                           
   425                           ;mcc_generated_files/pin_manager.c: 94:     WPUA = 0x00;
   426  01FFAA  0E00               	movlw	0
   427  01FFAC  6F01               	movwf	1,b	;volatile
   428                           
   429                           ;mcc_generated_files/pin_manager.c: 95:     WPUC = 0x00;
   430  01FFAE  0E00               	movlw	0
   431  01FFB0  6F11               	movwf	17,b	;volatile
   432                           
   433                           ;mcc_generated_files/pin_manager.c: 100:     RB1I2C = 0x00;
   434  01FFB2  0E00               	movlw	0
   435  01FFB4  0102               	movlb	2	; () banked
   436  01FFB6  6F89               	movwf	137,b	;volatile
   437                           
   438                           ;mcc_generated_files/pin_manager.c: 101:     RB2I2C = 0x00;
   439  01FFB8  0E00               	movlw	0
   440  01FFBA  6F88               	movwf	136,b	;volatile
   441                           
   442                           ;mcc_generated_files/pin_manager.c: 102:     RC3I2C = 0x00;
   443  01FFBC  0E00               	movlw	0
   444  01FFBE  6F87               	movwf	135,b	;volatile
   445                           
   446                           ;mcc_generated_files/pin_manager.c: 103:     RC4I2C = 0x00;
   447  01FFC0  0E00               	movlw	0
   448  01FFC2  6F86               	movwf	134,b	;volatile
   449                           
   450                           ;mcc_generated_files/pin_manager.c: 108:     ODCONE = 0x00;
   451  01FFC4  0E00               	movlw	0
   452  01FFC6  0104               	movlb	4	; () banked
   453  01FFC8  6F22               	movwf	34,b	;volatile
   454                           
   455                           ;mcc_generated_files/pin_manager.c: 109:     ODCONF = 0x00;
   456  01FFCA  0E00               	movlw	0
   457  01FFCC  6F2A               	movwf	42,b	;volatile
   458                           
   459                           ;mcc_generated_files/pin_manager.c: 110:     ODCONA = 0x00;
   460  01FFCE  0E00               	movlw	0
   461  01FFD0  6F02               	movwf	2,b	;volatile
   462                           
   463                           ;mcc_generated_files/pin_manager.c: 111:     ODCONB = 0x00;
   464  01FFD2  0E00               	movlw	0
   465  01FFD4  6F0A               	movwf	10,b	;volatile
   466                           
   467                           ;mcc_generated_files/pin_manager.c: 112:     ODCONC = 0x00;
   468  01FFD6  0E00               	movlw	0
   469  01FFD8  6F12               	movwf	18,b	;volatile
   470                           
   471                           ;mcc_generated_files/pin_manager.c: 113:     ODCOND = 0x00;
   472  01FFDA  0E00               	movlw	0
   473  01FFDC  6F1A               	movwf	26,b	;volatile
   474  01FFDE                     
   475                           ; BSR set to: 4
   476                           ;mcc_generated_files/pin_manager.c: 118:     SLRCONA = 0xFF;
   477  01FFDE  6903               	setf	3,b	;volatile
   478  01FFE0                     
   479                           ; BSR set to: 4
   480                           ;mcc_generated_files/pin_manager.c: 119:     SLRCONB = 0xFF;
   481  01FFE0  690B               	setf	11,b	;volatile
   482  01FFE2                     
   483                           ; BSR set to: 4
   484                           ;mcc_generated_files/pin_manager.c: 120:     SLRCONC = 0xFF;
   485  01FFE2  6913               	setf	19,b	;volatile
   486  01FFE4                     
   487                           ; BSR set to: 4
   488                           ;mcc_generated_files/pin_manager.c: 121:     SLRCOND = 0xFF;
   489  01FFE4  691B               	setf	27,b	;volatile
   490                           
   491                           ;mcc_generated_files/pin_manager.c: 122:     SLRCONE = 0x07;
   492  01FFE6  0E07               	movlw	7
   493  01FFE8  6F23               	movwf	35,b	;volatile
   494  01FFEA                     
   495                           ; BSR set to: 4
   496                           ;mcc_generated_files/pin_manager.c: 123:     SLRCONF = 0xFF;
   497  01FFEA  692B               	setf	43,b	;volatile
   498  01FFEC                     
   499                           ; BSR set to: 4
   500                           ;mcc_generated_files/pin_manager.c: 128:     INLVLA = 0xFF;
   501  01FFEC  6904               	setf	4,b	;volatile
   502  01FFEE                     
   503                           ; BSR set to: 4
   504                           ;mcc_generated_files/pin_manager.c: 129:     INLVLB = 0xFF;
   505  01FFEE  690C               	setf	12,b	;volatile
   506  01FFF0                     
   507                           ; BSR set to: 4
   508                           ;mcc_generated_files/pin_manager.c: 130:     INLVLC = 0xFF;
   509  01FFF0  6914               	setf	20,b	;volatile
   510  01FFF2                     
   511                           ; BSR set to: 4
   512                           ;mcc_generated_files/pin_manager.c: 131:     INLVLD = 0xFF;
   513  01FFF2  691C               	setf	28,b	;volatile
   514                           
   515                           ;mcc_generated_files/pin_manager.c: 132:     INLVLE = 0x0F;
   516  01FFF4  0E0F               	movlw	15
   517  01FFF6  6F24               	movwf	36,b	;volatile
   518  01FFF8                     
   519                           ; BSR set to: 4
   520                           ;mcc_generated_files/pin_manager.c: 133:     INLVLF = 0xFF;
   521  01FFF8  692C               	setf	44,b	;volatile
   522  01FFFA                     
   523                           ; BSR set to: 4
   524  01FFFA  0012               	return		;funcret
   525  01FFFC                     __end_of_PIN_MANAGER_Initialize:
   526                           	callstack 0
   527                           
   528 ;; *************** function _OSCILLATOR_Initialize *****************
   529 ;; Defined at:
   530 ;;		line 57 in file "mcc_generated_files/mcc.c"
   531 ;; Parameters:    Size  Location     Type
   532 ;;		None
   533 ;; Auto vars:     Size  Location     Type
   534 ;;		None
   535 ;; Return value:  Size  Location     Type
   536 ;;                  1    wreg      void 
   537 ;; Registers used:
   538 ;;		wreg, status,2
   539 ;; Tracked objects:
   540 ;;		On entry : 0/0
   541 ;;		On exit  : 0/0
   542 ;;		Unchanged: 0/0
   543 ;; Data sizes:     COMRAM   BANK5   BANK6   BANK7   BANK8   BANK9  BANK10  BANK11  BANK12  BANK13  BANK14  BANK15  BANK1
      +6  BANK17  BANK18  BANK19  BANK20  BANK21  BANK22  BANK23  BANK24  BANK25  BANK26  BANK27  BANK28  BANK29  BANK30  BANK3
      +1  BANK32  BANK33  BANK34  BANK35  BANK36
   544 ;;      Params:         0       0       0       0       0       0       0       0       0       0       0       0       
      +0       0       0       0       0       0       0       0       0       0       0       0       0       0       0       
      +0       0       0       0       0       0
   545 ;;      Locals:         0       0       0       0       0       0       0       0       0       0       0       0       
      +0       0       0       0       0       0       0       0       0       0       0       0       0       0       0       
      +0       0       0       0       0       0
   546 ;;      Temps:          0       0       0       0       0       0       0       0       0       0       0       0       
      +0       0       0       0       0       0       0       0       0       0       0       0       0       0       0       
      +0       0       0       0       0       0
   547 ;;      Totals:         0       0       0       0       0       0       0       0       0       0       0       0       
      +0       0       0       0       0       0       0       0       0       0       0       0       0       0       0       
      +0       0       0       0       0       0
   548 ;;Total ram usage:        0 bytes
   549 ;; Hardware stack levels used: 1
   550 ;; This function calls:
   551 ;;		Nothing
   552 ;; This function is called by:
   553 ;;		_SYSTEM_Initialize
   554 ;; This function uses a non-reentrant model
   555 ;;
   556                           
   557                           	psect	text4
   558  01FF20                     __ptext4:
   559                           	callstack 0
   560  01FF20                     _OSCILLATOR_Initialize:
   561                           	callstack 125
   562  01FF20                     
   563                           ;mcc_generated_files/mcc.c: 60:     OSCCON1 = 0x62;
   564  01FF20  0E62               	movlw	98
   565  01FF22  0100               	movlb	0	; () banked
   566  01FF24  6FAD               	movwf	173,b	;volatile
   567                           
   568                           ;mcc_generated_files/mcc.c: 62:     OSCCON3 = 0x00;
   569  01FF26  0E00               	movlw	0
   570  01FF28  6FAF               	movwf	175,b	;volatile
   571                           
   572                           ;mcc_generated_files/mcc.c: 64:     OSCEN = 0x00;
   573  01FF2A  0E00               	movlw	0
   574  01FF2C  6FB3               	movwf	179,b	;volatile
   575                           
   576                           ;mcc_generated_files/mcc.c: 66:     OSCFRQ = 0x02;
   577  01FF2E  0E02               	movlw	2
   578  01FF30  6FB1               	movwf	177,b	;volatile
   579                           
   580                           ;mcc_generated_files/mcc.c: 68:     OSCTUNE = 0x00;
   581  01FF32  0E00               	movlw	0
   582  01FF34  6FB0               	movwf	176,b	;volatile
   583                           
   584                           ;mcc_generated_files/mcc.c: 70:     ACTCON = 0x00;
   585  01FF36  0E00               	movlw	0
   586  01FF38  6FAC               	movwf	172,b	;volatile
   587  01FF3A                     
   588                           ; BSR set to: 0
   589  01FF3A  0012               	return		;funcret
   590  01FF3C                     __end_of_OSCILLATOR_Initialize:
   591                           	callstack 0
   592  0000                     
   593                           	psect	rparam
   594  0000                     
   595                           	psect	idloc
   596                           
   597                           ;Config register IDLOC0 @ 0x200000
   598                           ;	unspecified, using default values
   599  200000                     	org	2097152
   600  200000  0FFF               	dw	4095
   601                           
   602                           ;Config register IDLOC1 @ 0x200002
   603                           ;	unspecified, using default values
   604  200002                     	org	2097154
   605  200002  0FFF               	dw	4095
   606                           
   607                           ;Config register IDLOC2 @ 0x200004
   608                           ;	unspecified, using default values
   609  200004                     	org	2097156
   610  200004  0FFF               	dw	4095
   611                           
   612                           ;Config register IDLOC3 @ 0x200006
   613                           ;	unspecified, using default values
   614  200006                     	org	2097158
   615  200006  0FFF               	dw	4095
   616                           
   617                           ;Config register IDLOC4 @ 0x200008
   618                           ;	unspecified, using default values
   619  200008                     	org	2097160
   620  200008  0FFF               	dw	4095
   621                           
   622                           ;Config register IDLOC5 @ 0x20000A
   623                           ;	unspecified, using default values
   624  20000A                     	org	2097162
   625  20000A  0FFF               	dw	4095
   626                           
   627                           ;Config register IDLOC6 @ 0x20000C
   628                           ;	unspecified, using default values
   629  20000C                     	org	2097164
   630  20000C  0FFF               	dw	4095
   631                           
   632                           ;Config register IDLOC7 @ 0x20000E
   633                           ;	unspecified, using default values
   634  20000E                     	org	2097166
   635  20000E  0FFF               	dw	4095
   636                           
   637                           ;Config register IDLOC8 @ 0x200010
   638                           ;	unspecified, using default values
   639  200010                     	org	2097168
   640  200010  0FFF               	dw	4095
   641                           
   642                           ;Config register IDLOC9 @ 0x200012
   643                           ;	unspecified, using default values
   644  200012                     	org	2097170
   645  200012  0FFF               	dw	4095
   646                           
   647                           ;Config register IDLOC10 @ 0x200014
   648                           ;	unspecified, using default values
   649  200014                     	org	2097172
   650  200014  0FFF               	dw	4095
   651                           
   652                           ;Config register IDLOC11 @ 0x200016
   653                           ;	unspecified, using default values
   654  200016                     	org	2097174
   655  200016  0FFF               	dw	4095
   656                           
   657                           ;Config register IDLOC12 @ 0x200018
   658                           ;	unspecified, using default values
   659  200018                     	org	2097176
   660  200018  0FFF               	dw	4095
   661                           
   662                           ;Config register IDLOC13 @ 0x20001A
   663                           ;	unspecified, using default values
   664  20001A                     	org	2097178
   665  20001A  0FFF               	dw	4095
   666                           
   667                           ;Config register IDLOC14 @ 0x20001C
   668                           ;	unspecified, using default values
   669  20001C                     	org	2097180
   670  20001C  0FFF               	dw	4095
   671                           
   672                           ;Config register IDLOC15 @ 0x20001E
   673                           ;	unspecified, using default values
   674  20001E                     	org	2097182
   675  20001E  0FFF               	dw	4095
   676                           
   677                           ;Config register IDLOC16 @ 0x200020
   678                           ;	unspecified, using default values
   679  200020                     	org	2097184
   680  200020  0FFF               	dw	4095
   681                           
   682                           ;Config register IDLOC17 @ 0x200022
   683                           ;	unspecified, using default values
   684  200022                     	org	2097186
   685  200022  0FFF               	dw	4095
   686                           
   687                           ;Config register IDLOC18 @ 0x200024
   688                           ;	unspecified, using default values
   689  200024                     	org	2097188
   690  200024  0FFF               	dw	4095
   691                           
   692                           ;Config register IDLOC19 @ 0x200026
   693                           ;	unspecified, using default values
   694  200026                     	org	2097190
   695  200026  0FFF               	dw	4095
   696                           
   697                           ;Config register IDLOC20 @ 0x200028
   698                           ;	unspecified, using default values
   699  200028                     	org	2097192
   700  200028  0FFF               	dw	4095
   701                           
   702                           ;Config register IDLOC21 @ 0x20002A
   703                           ;	unspecified, using default values
   704  20002A                     	org	2097194
   705  20002A  0FFF               	dw	4095
   706                           
   707                           ;Config register IDLOC22 @ 0x20002C
   708                           ;	unspecified, using default values
   709  20002C                     	org	2097196
   710  20002C  0FFF               	dw	4095
   711                           
   712                           ;Config register IDLOC23 @ 0x20002E
   713                           ;	unspecified, using default values
   714  20002E                     	org	2097198
   715  20002E  0FFF               	dw	4095
   716                           
   717                           ;Config register IDLOC24 @ 0x200030
   718                           ;	unspecified, using default values
   719  200030                     	org	2097200
   720  200030  0FFF               	dw	4095
   721                           
   722                           ;Config register IDLOC25 @ 0x200032
   723                           ;	unspecified, using default values
   724  200032                     	org	2097202
   725  200032  0FFF               	dw	4095
   726                           
   727                           ;Config register IDLOC26 @ 0x200034
   728                           ;	unspecified, using default values
   729  200034                     	org	2097204
   730  200034  0FFF               	dw	4095
   731                           
   732                           ;Config register IDLOC27 @ 0x200036
   733                           ;	unspecified, using default values
   734  200036                     	org	2097206
   735  200036  0FFF               	dw	4095
   736                           
   737                           ;Config register IDLOC28 @ 0x200038
   738                           ;	unspecified, using default values
   739  200038                     	org	2097208
   740  200038  0FFF               	dw	4095
   741                           
   742                           ;Config register IDLOC29 @ 0x20003A
   743                           ;	unspecified, using default values
   744  20003A                     	org	2097210
   745  20003A  0FFF               	dw	4095
   746                           
   747                           ;Config register IDLOC30 @ 0x20003C
   748                           ;	unspecified, using default values
   749  20003C                     	org	2097212
   750  20003C  0FFF               	dw	4095
   751                           
   752                           ;Config register IDLOC31 @ 0x20003E
   753                           ;	unspecified, using default values
   754  20003E                     	org	2097214
   755  20003E  0FFF               	dw	4095
   756                           
   757                           	psect	config
   758                           
   759                           ;Config register CONFIG1 @ 0x300000
   760                           ;	External Oscillator Selection
   761                           ;	FEXTOSC = OFF, Oscillator not enabled
   762                           ;	Reset Oscillator Selection
   763                           ;	RSTOSC = HFINTOSC_1MHZ, HFINTOSC with HFFRQ = 4 MHz and CDIV = 4:1
   764  300000                     	org	3145728
   765  300000  EC                 	db	236
   766                           
   767                           ;Config register CONFIG2 @ 0x300001
   768                           ;	Clock out Enable bit
   769                           ;	CLKOUTEN = OFF, CLKOUT function is disabled
   770                           ;	PRLOCKED One-Way Set Enable bit
   771                           ;	PR1WAY = ON, PRLOCKED bit can be cleared and set only once
   772                           ;	Clock Switch Enable bit
   773                           ;	CSWEN = ON, Writing to NOSC and NDIV is allowed
   774                           ;	Fail-Safe Clock Monitor Enable bit
   775                           ;	FCMEN = ON, Fail-Safe Clock Monitor enabled
   776  300001                     	org	3145729
   777  300001  FF                 	db	255
   778                           
   779                           ;Config register CONFIG3 @ 0x300002
   780                           ;	MCLR Enable bit
   781                           ;	MCLRE = EXTMCLR, If LVP = 0, MCLR pin is MCLR; If LVP = 1, RE3 pin function is MCLR
   782                           ;	Power-up timer selection bits
   783                           ;	PWRTS = PWRT_OFF, PWRT is disabled
   784                           ;	Multi-vector enable bit
   785                           ;	MVECEN = OFF, Interrupt contoller does not use vector table to prioritze interrupts
   786                           ;	IVTLOCK bit One-way set enable bit
   787                           ;	IVT1WAY = ON, IVTLOCKED bit can be cleared and set only once
   788                           ;	Low Power BOR Enable bit
   789                           ;	LPBOREN = OFF, Low-Power BOR disabled
   790                           ;	Brown-out Reset Enable bits
   791                           ;	BOREN = SBORDIS, Brown-out Reset enabled , SBOREN bit is ignored
   792  300002                     	org	3145730
   793  300002  F7                 	db	247
   794                           
   795                           ;Config register CONFIG4 @ 0x300003
   796                           ;	Brown-out Reset Voltage Selection bits
   797                           ;	BORV = VBOR_1P9, Brown-out Reset Voltage (VBOR) set to 1.9V
   798                           ;	ZCD Disable bit
   799                           ;	ZCD = OFF, ZCD module is disabled. ZCD can be enabled by setting the ZCDSEN bit of ZCD
      +                          CON
   800                           ;	PPSLOCK bit One-Way Set Enable bit
   801                           ;	PPS1WAY = ON, PPSLOCKED bit can be cleared and set only once; PPS registers remain loc
      +                          ked after one clear/set cycle
   802                           ;	Stack Full/Underflow Reset Enable bit
   803                           ;	STVREN = ON, Stack full/underflow will cause Reset
   804                           ;	Low Voltage Programming Enable bit
   805                           ;	LVP = ON, Low voltage programming enabled. MCLR/VPP pin function is MCLR. MCLRE config
      +                          uration bit is ignored
   806                           ;	Extended Instruction Set Enable bit
   807                           ;	XINST = OFF, Extended Instruction Set and Indexed Addressing Mode disabled
   808  300003                     	org	3145731
   809  300003  FF                 	db	255
   810                           
   811                           ;Config register CONFIG5 @ 0x300004
   812                           ;	WDT Period selection bits
   813                           ;	WDTCPS = WDTCPS_31, Divider ratio 1:65536; software control of WDTPS
   814                           ;	WDT operating mode
   815                           ;	WDTE = OFF, WDT Disabled; SWDTEN is ignored
   816  300004                     	org	3145732
   817  300004  9F                 	db	159
   818                           
   819                           ;Config register CONFIG6 @ 0x300005
   820                           ;	WDT Window Select bits
   821                           ;	WDTCWS = WDTCWS_7, window always open (100%); software control; keyed access not requi
      +                          red
   822                           ;	WDT input clock selector
   823                           ;	WDTCCS = SC, Software Control
   824  300005                     	org	3145733
   825  300005  FF                 	db	255
   826                           
   827                           ;Config register CONFIG7 @ 0x300006
   828                           ;	Boot Block Size selection bits
   829                           ;	BBSIZE = BBSIZE_512, Boot Block size is 512 words
   830                           ;	Boot Block enable bit
   831                           ;	BBEN = OFF, Boot block disabled
   832                           ;	Storage Area Flash enable bit
   833                           ;	SAFEN = OFF, SAF disabled
   834                           ;	Background Debugger
   835                           ;	DEBUG = OFF, Background Debugger disabled
   836  300006                     	org	3145734
   837  300006  FF                 	db	255
   838                           
   839                           ;Config register CONFIG8 @ 0x300007
   840                           ;	Boot Block Write Protection bit
   841                           ;	WRTB = OFF, Boot Block not Write protected
   842                           ;	Configuration Register Write Protection bit
   843                           ;	WRTC = OFF, Configuration registers not Write protected
   844                           ;	Data EEPROM Write Protection bit
   845                           ;	WRTD = OFF, Data EEPROM not Write protected
   846                           ;	SAF Write protection bit
   847                           ;	WRTSAF = OFF, SAF not Write Protected
   848                           ;	Application Block write protection bit
   849                           ;	WRTAPP = OFF, Application Block not write protected
   850  300007                     	org	3145735
   851  300007  FF                 	db	255
   852                           
   853                           ; Padding undefined space
   854  300008                     	org	3145736
   855  300008  FF                 	db	255
   856                           
   857                           ;Config register CONFIG10 @ 0x300009
   858                           ;	PFM and Data EEPROM Code Protection bit
   859                           ;	CP = OFF, PFM and Data EEPROM code protection disabled
   860  300009                     	org	3145737
   861  300009  FF                 	db	255
   862                           tosu	equ	0x4FF
   863                           tosh	equ	0x4FE
   864                           tosl	equ	0x4FD
   865                           stkptr	equ	0x4FC
   866                           pclatu	equ	0x4FB
   867                           pclath	equ	0x4FA
   868                           pcl	equ	0x4F9
   869                           tblptru	equ	0x4F8
   870                           tblptrh	equ	0x4F7
   871                           tblptrl	equ	0x4F6
   872                           tablat	equ	0x4F5
   873                           prodh	equ	0x4F4
   874                           prodl	equ	0x4F3
   875                           indf0	equ	0x4EF
   876                           postinc0	equ	0x4EE
   877                           postdec0	equ	0x4ED
   878                           preinc0	equ	0x4EC
   879                           plusw0	equ	0x4EB
   880                           fsr0h	equ	0x4EA
   881                           fsr0l	equ	0x4E9
   882                           wreg	equ	0x4E8
   883                           indf1	equ	0x4E7
   884                           postinc1	equ	0x4E6
   885                           postdec1	equ	0x4E5
   886                           preinc1	equ	0x4E4
   887                           plusw1	equ	0x4E3
   888                           fsr1h	equ	0x4E2
   889                           fsr1l	equ	0x4E1
   890                           bsr	equ	0x4E0
   891                           indf2	equ	0x4DF
   892                           postinc2	equ	0x4DE
   893                           postdec2	equ	0x4DD
   894                           preinc2	equ	0x4DC
   895                           plusw2	equ	0x4DB
   896                           fsr2h	equ	0x4DA
   897                           fsr2l	equ	0x4D9
   898                           status	equ	0x4D8

Data Sizes:
    Strings     0
    Constant    0
    Data        0
    BSS         0
    Persistent  0
    Stack       0

Auto Spaces:
    Space          Size  Autos    Used
    COMRAM           95      0       0
    BANK5           160      0       0
    BANK6           256      0       0
    BANK7           256      0       0
    BANK8           256      0       0
    BANK9           256      0       0
    BANK10          256      0       0
    BANK11          256      0       0
    BANK12          256      0       0
    BANK13          256      0       0
    BANK14          256      0       0
    BANK15          256      0       0
    BANK16          256      0       0
    BANK17          256      0       0
    BANK18          256      0       0
    BANK19          256      0       0
    BANK20          256      0       0
    BANK21          256      0       0
    BANK22          256      0       0
    BANK23          256      0       0
    BANK24          256      0       0
    BANK25          256      0       0
    BANK26          256      0       0
    BANK27          256      0       0
    BANK28          256      0       0
    BANK29          256      0       0
    BANK30          256      0       0
    BANK31          256      0       0
    BANK32          256      0       0
    BANK33          256      0       0
    BANK34          256      0       0
    BANK35          256      0       0
    BANK36          256      0       0

Pointer List with Targets:

    None.

Critical Paths under _main in COMRAM

    None.

Critical Paths under _main in BANK5

    None.

Critical Paths under _main in BANK6

    None.

Critical Paths under _main in BANK7

    None.

Critical Paths under _main in BANK8

    None.

Critical Paths under _main in BANK9

    None.

Critical Paths under _main in BANK10

    None.

Critical Paths under _main in BANK11

    None.

Critical Paths under _main in BANK12

    None.

Critical Paths under _main in BANK13

    None.

Critical Paths under _main in BANK14

    None.

Critical Paths under _main in BANK15

    None.

Critical Paths under _main in BANK16

    None.

Critical Paths under _main in BANK17

    None.

Critical Paths under _main in BANK18

    None.

Critical Paths under _main in BANK19

    None.

Critical Paths under _main in BANK20

    None.

Critical Paths under _main in BANK21

    None.

Critical Paths under _main in BANK22

    None.

Critical Paths under _main in BANK23

    None.

Critical Paths under _main in BANK24

    None.

Critical Paths under _main in BANK25

    None.

Critical Paths under _main in BANK26

    None.

Critical Paths under _main in BANK27

    None.

Critical Paths under _main in BANK28

    None.

Critical Paths under _main in BANK29

    None.

Critical Paths under _main in BANK30

    None.

Critical Paths under _main in BANK31

    None.

Critical Paths under _main in BANK32

    None.

Critical Paths under _main in BANK33

    None.

Critical Paths under _main in BANK34

    None.

Critical Paths under _main in BANK35

    None.

Critical Paths under _main in BANK36

    None.

Call Graph Tables:

 ---------------------------------------------------------------------------------
 (Depth) Function   	        Calls       Base Space   Used Autos Params    Refs
 ---------------------------------------------------------------------------------
 (0) _main                                                 0     0      0       0
                  _SYSTEM_Initialize
 ---------------------------------------------------------------------------------
 (1) _SYSTEM_Initialize                                    0     0      0       0
              _OSCILLATOR_Initialize
             _PIN_MANAGER_Initialize
                     _PMD_Initialize
 ---------------------------------------------------------------------------------
 (2) _PMD_Initialize                                       0     0      0       0
 ---------------------------------------------------------------------------------
 (2) _PIN_MANAGER_Initialize                               0     0      0       0
 ---------------------------------------------------------------------------------
 (2) _OSCILLATOR_Initialize                                0     0      0       0
 ---------------------------------------------------------------------------------
 Estimated maximum stack depth 2
 ---------------------------------------------------------------------------------

 Call Graph Graphs:

 _main (ROOT)
   _SYSTEM_Initialize
     _OSCILLATOR_Initialize
     _PIN_MANAGER_Initialize
     _PMD_Initialize

 Address spaces:
Name               Size   Autos  Total    Cost      Usage
BITCOMRAM           5F      0       0       0        0.0%
EEDATA             400      0       0       0        0.0%
NULL                 0      0       0       0        0.0%
CODE                 0      0       0       0        0.0%
COMRAM              5F      0       0       1        0.0%
STACK                0      0       0       2        0.0%
DATA                 0      0       0       3        0.0%
BITBANK5            A0      0       0       4        0.0%
BANK5               A0      0       0       5        0.0%
BITBANK6           100      0       0       6        0.0%
BANK6              100      0       0       7        0.0%
BITBANK7           100      0       0       8        0.0%
BANK7              100      0       0       9        0.0%
BITBANK8           100      0       0      10        0.0%
BANK8              100      0       0      11        0.0%
BITBANK9           100      0       0      12        0.0%
BANK9              100      0       0      13        0.0%
BITBANK10          100      0       0      14        0.0%
BANK10             100      0       0      15        0.0%
BITBANK11          100      0       0      16        0.0%
BANK11             100      0       0      17        0.0%
BITBANK12          100      0       0      18        0.0%
BANK12             100      0       0      19        0.0%
BITBANK13          100      0       0      20        0.0%
BANK13             100      0       0      21        0.0%
BITBANK14          100      0       0      22        0.0%
BANK14             100      0       0      23        0.0%
BITBANK15          100      0       0      24        0.0%
BANK15             100      0       0      25        0.0%
BITBANK16          100      0       0      26        0.0%
BANK16             100      0       0      27        0.0%
BITBANK17          100      0       0      28        0.0%
BANK17             100      0       0      29        0.0%
BITBANK18          100      0       0      30        0.0%
BANK18             100      0       0      31        0.0%
BITBANK19          100      0       0      32        0.0%
BANK19             100      0       0      33        0.0%
BITBANK20          100      0       0      34        0.0%
BANK20             100      0       0      35        0.0%
BITBANK21          100      0       0      36        0.0%
BANK21             100      0       0      37        0.0%
BITBANK22          100      0       0      38        0.0%
BANK22             100      0       0      39        0.0%
BITBANK23          100      0       0      40        0.0%
BANK23             100      0       0      41        0.0%
BITBANK24          100      0       0      42        0.0%
BANK24             100      0       0      43        0.0%
ABS                  0      0       0      44        0.0%
BITBANK25          100      0       0      45        0.0%
BANK25             100      0       0      46        0.0%
BITBANK26          100      0       0      47        0.0%
BANK26             100      0       0      48        0.0%
BITBANK27          100      0       0      49        0.0%
BANK27             100      0       0      50        0.0%
BITBANK28          100      0       0      51        0.0%
BANK28             100      0       0      52        0.0%
BITBANK29          100      0       0      53        0.0%
BANK29             100      0       0      54        0.0%
BITBANK30          100      0       0      55        0.0%
BANK30             100      0       0      56        0.0%
BITBANK31          100      0       0      57        0.0%
BANK31             100      0       0      58        0.0%
BITBANK32          100      0       0      59        0.0%
BANK32             100      0       0      60        0.0%
BITBANK33          100      0       0      61        0.0%
BANK33             100      0       0      62        0.0%
BITBANK34          100      0       0      63        0.0%
BANK34             100      0       0      64        0.0%
BITBANK35          100      0       0      65        0.0%
BANK35             100      0       0      66        0.0%
BITBANK36          100      0       0      67        0.0%
BANK36             100      0       0      68        0.0%
BITBIGSFR_1        100      0       0      69        0.0%
BIGRAM            1FFF      0       0      70        0.0%
BITBIGSFRhhhhh      34      0       0      71        0.0%
BITBIGSFRhhhhll      2      0       0      72        0.0%
BITBIGSFRhhhllh     91      0       0      73        0.0%
BITBIGSFRhhhllh      3      0       0      74        0.0%
BITBIGSFRhhhllh      3      0       0      75        0.0%
BITBIGSFRhhhlll      3      0       0      76        0.0%
BITBIGSFRhhhlll      3      0       0      77        0.0%
BITBIGSFRhhhlll      3      0       0      78        0.0%
BITBIGSFRhhhlll    176      0       0      79        0.0%
BITBIGSFRhhhlll    1D2      0       0      80        0.0%
BITBIGSFRhhlh        1      0       0      81        0.0%
BITBIGSFRhl          1      0       0      82        0.0%
BITBIGSFRlhh        43      0       0      83        0.0%
BITBIGSFRlhl         1      0       0      84        0.0%
BITBIGSFRll         60      0       0      85        0.0%
BIGSFR_1             0      0       0     200        0.0%
BIGSFR               0      0       0     200        0.0%
BITSFR_6             0      0       0     200        0.0%
SFR_6                0      0       0     200        0.0%
BITSFR_5             0      0       0     200        0.0%
SFR_5                0      0       0     200        0.0%
BITSFR_4             0      0       0     200        0.0%
SFR_4                0      0       0     200        0.0%
BITSFR_3             0      0       0     200        0.0%
SFR_3                0      0       0     200        0.0%
BITSFR_2             0      0       0     200        0.0%
SFR_2                0      0       0     200        0.0%
BITSFR_1             0      0       0     200        0.0%
SFR_1                0      0       0     200        0.0%
BITSFR               0      0       0     200        0.0%
SFR                  0      0       0     200        0.0%


Microchip Technology PIC18 Macro Assembler V2.36 build 20220127204148 
Symbol Table                                                                                   Sat Jul 23 01:17:16 2022

                            l40 FF3A                              l43 FF5E                              l37 FF10  
                           l138 FFFA                             l831 FF60                             l841 FF88  
                           l833 FF7C                             l851 FFE0                             l843 FF8C  
                           l835 FF82                             l861 FFEE                             l853 FFE2  
                           l845 FF8E                             l837 FF84                             l829 FF3C  
                           l863 FFF0                             l855 FFE4                             l847 FF94  
                           l839 FF86                             l871 FF04                             l865 FFF2  
                           l857 FFEA                             l849 FFDE                             l873 FF12  
                           l867 FFF8                             l859 FFEC                             l875 FF16  
                           l869 FF20                            _LATA 0004BE                            _LATB 0004BF  
                          _LATC 0004C0                            _LATD 0004C1                            _LATE 0004C2  
                          _LATF 0004C3                            _PMD0 000060                            _PMD1 000061  
                          _PMD3 000063                            _PMD4 000064                            _PMD5 000065  
                          _PMD6 000066                            _PMD7 000067                            _PMD8 000068  
                          _WPUA 000401                            _WPUB 000409                            _WPUC 000411  
                          _WPUD 000419                            _WPUE 000421                            _WPUF 000429  
                          _main FF12                            start FFFC                    ___param_bank 000000  
 __end_of_OSCILLATOR_Initialize FF3C                           ?_main 0000                           _OSCEN 0000B3  
                         _TRISA 0004C6                           _TRISB 0004C7                           _TRISC 0004C8  
                         _TRISD 0004C9                           _TRISE 0004CA                           _TRISF 0004CB  
               __initialization FEFE                    __end_of_main FF20                          ??_main 0000  
                 __activetblptr 000000                          _ACTCON 0000AC                          _ANSELA 000400  
                        _ANSELB 000408                          _ANSELC 000410                          _ANSELD 000418  
                        _ANSELE 000420                          _ANSELF 000428                          _RB1I2C 000289  
                        _RB2I2C 000288                          _RC3I2C 000287                          _RC4I2C 000286  
                        _ODCONA 000402                          _ODCONB 00040A                          _ODCONC 000412  
                        _ODCOND 00041A                          _ODCONE 000422                          _ODCONF 00042A  
                        _INLVLA 000404                          _INLVLB 00040C                          _INLVLC 000414  
                        _INLVLD 00041C                          _INLVLE 000424                          _INLVLF 00042C  
                        _OSCFRQ 0000B1                          isa$std 000001                  _PMD_Initialize FF3C  
             _SYSTEM_Initialize FF04                      __accesstop 0560         __end_of__initialization FEFE  
            ?_SYSTEM_Initialize 0000                   ___rparam_used 000001                  __pcstackCOMRAM 0000  
           ??_SYSTEM_Initialize 0000          __end_of_PMD_Initialize FF60       __end_of_SYSTEM_Initialize FF12  
               ?_PMD_Initialize 0000                         _OSCCON1 0000AD                         _OSCCON3 0000AF  
                       _OSCTUNE 0000B0                         _SLRCONA 000403                         _SLRCONB 00040B  
                       _SLRCONC 000413                         _SLRCOND 00041B                         _SLRCONE 000423  
                       _SLRCONF 00042B                         __Hparam 0000                         __Lparam 0000  
                       __pcinit FEFE                         __ramtop 2500                         __ptext0 FF12  
                       __ptext1 FF04                         __ptext2 FF3C                         __ptext3 FF60  
                       __ptext4 FF20           _OSCILLATOR_Initialize FF20        ??_PIN_MANAGER_Initialize 0000  
          end_of_initialization FEFE          ?_OSCILLATOR_Initialize 0000             start_initialization FEFE  
              ??_PMD_Initialize 0000          _PIN_MANAGER_Initialize FF60                        __Hrparam 0000  
                      __Lrparam 0000         ??_OSCILLATOR_Initialize 0000                        isa$xinst 000000  
       ?_PIN_MANAGER_Initialize 0000  __end_of_PIN_MANAGER_Initialize FFFC  
