

Microchip MPLAB XC8 Assembler V2.36 build 20220127204148 
                                                                                               Sat Jul 23 01:04:40 2022

Microchip MPLAB XC8 C Compiler v2.36 (Free license) build 20220127204148 Og1 
     1                           	processor	18F57Q43
     2                           	fnconf	rparam,??,?,0
     3                           	pagewidth 120
     4                           	opt	flic
     5                           	psect	cinit,global,reloc=2,class=CODE,delta=1
     6                           	psect	cstackCOMRAM,global,class=COMRAM,space=1,delta=1,lowdata,noexec
     7                           	psect	text0,global,reloc=2,class=CODE,delta=1
     8                           	psect	text1,global,reloc=2,class=CODE,delta=1
     9                           	psect	text2,global,reloc=2,class=CODE,delta=1
    10                           	psect	text3,global,reloc=2,class=CODE,delta=1
    11                           	psect	text4,global,reloc=2,class=CODE,delta=1
    12                           	psect	intsave_regs,global,class=BIGRAM,space=1,delta=1,noexec
    13                           	psect	rparam,global,class=COMRAM,space=1,delta=1,noexec
    14                           	psect	idloc,global,abs,ovrld,class=IDLOC,space=5,delta=1,noexec
    15                           	psect	config,global,abs,ovrld,class=CONFIG,space=4,delta=1,noexec
    16  0000                     
    17                           ; Version 2.40
    18                           ; Generated 08/12/2021 GMT
    19                           ; 
    20                           ; Copyright © 2021, Microchip Technology Inc. and its subsidiaries ("Microchip")
    21                           ; All rights reserved.
    22                           ; 
    23                           ; This software is developed by Microchip Technology Inc. and its subsidiaries ("Microch
      +                          ip").
    24                           ; 
    25                           ; Redistribution and use in source and binary forms, with or without modification, are
    26                           ; permitted provided that the following conditions are met:
    27                           ; 
    28                           ;     1. Redistributions of source code must retain the above copyright notice, this lis
      +                          t of
    29                           ;        conditions and the following disclaimer.
    30                           ; 
    31                           ;     2. Redistributions in binary form must reproduce the above copyright notice, this 
      +                          list
    32                           ;        of conditions and the following disclaimer in the documentation and/or other
    33                           ;        materials provided with the distribution. Publication is not required when
    34                           ;        this file is used in an embedded application.
    35                           ; 
    36                           ;     3. Microchip's name may not be used to endorse or promote products derived from th
      +                          is
    37                           ;        software without specific prior written permission.
    38                           ; 
    39                           ; THIS SOFTWARE IS PROVIDED BY MICROCHIP "AS IS" AND ANY EXPRESS OR IMPLIED WARRANTIES,
    40                           ; INCLUDING, BUT NOT LIMITED TO, THE IMPLIED WARRANTIES OF MERCHANTABILITY AND FITNESS F
      +                          OR
    41                           ; PURPOSE ARE DISCLAIMED.  IN NO EVENT SHALL MICROCHIP BE LIABLE FOR ANY DIRECT, INDIREC
      +                          T,
    42                           ; INCIDENTAL, SPECIAL, EXEMPLARY, OR CONSEQUENTIAL DAMAGES (INCLUDING BUT NOT LIMITED TO
    43                           ; PROCUREMENT OF SUBSTITUTE GOODS OR SERVICES; LOSS OF USE, DATA OR PROFITS; OR BUSINESS
    44                           ; INTERRUPTION) HOWSOEVER CAUSED AND ON ANY THEORY OF LIABILITY, WHETHER IN CONTRACT, ST
      +                          RICT
    45                           ; LIABILITY, OR TORT (INCLUDING NEGLIGENCE OR OTHERWISE) ARISING IN ANY WAY OUT OF THE U
      +                          SE OF
    46                           ; THIS SOFTWARE, EVEN IF ADVISED OF THE POSSIBILITY OF SUCH DAMAGE.
    47                           ; 
    48                           ; 
    49                           ; Code-generator required, PIC18F57Q43 Definitions
    50                           ; 
    51                           ; SFR Addresses
    52  0000                     _OSCTUNE	set	176
    53  0000                     _OSCFRQ	set	177
    54  0000                     _OSCEN	set	179
    55  0000                     _TRISD	set	1225
    56  0000                     _TRISC	set	1224
    57  0000                     _TRISB	set	1223
    58  0000                     _LATC	set	1216
    59  0000                     _LATB	set	1215
    60  0000                     _LATFbits	set	1219
    61  0000                     _PMD0	set	96
    62  0000                     _ACTCON	set	172
    63  0000                     _OSCCON1	set	173
    64  0000                     _RC4I2C	set	646
    65  0000                     _RC3I2C	set	647
    66  0000                     _RB2I2C	set	648
    67  0000                     _RB1I2C	set	649
    68  0000                     _ANSELA	set	1024
    69  0000                     _ANSELB	set	1032
    70  0000                     _ANSELC	set	1040
    71  0000                     _ANSELD	set	1048
    72  0000                     _LATA	set	1214
    73  0000                     _LATD	set	1217
    74  0000                     _LATE	set	1218
    75  0000                     _TRISA	set	1222
    76  0000                     _TRISE	set	1226
    77  0000                     _LATF	set	1219
    78  0000                     _TRISF	set	1227
    79  0000                     _INLVLD	set	1052
    80  0000                     _SLRCOND	set	1051
    81  0000                     _ODCOND	set	1050
    82  0000                     _WPUD	set	1049
    83  0000                     _ANSELE	set	1056
    84  0000                     _INLVLC	set	1044
    85  0000                     _SLRCONC	set	1043
    86  0000                     _ODCONC	set	1042
    87  0000                     _WPUC	set	1041
    88  0000                     _INLVLB	set	1036
    89  0000                     _SLRCONB	set	1035
    90  0000                     _ODCONB	set	1034
    91  0000                     _WPUB	set	1033
    92  0000                     _INLVLE	set	1060
    93  0000                     _SLRCONE	set	1059
    94  0000                     _ODCONE	set	1058
    95  0000                     _WPUE	set	1057
    96  0000                     _ANSELF	set	1064
    97  0000                     _INLVLF	set	1068
    98  0000                     _SLRCONF	set	1067
    99  0000                     _ODCONF	set	1066
   100  0000                     _WPUF	set	1065
   101  0000                     _INLVLA	set	1028
   102  0000                     _SLRCONA	set	1027
   103  0000                     _ODCONA	set	1026
   104  0000                     _WPUA	set	1025
   105  0000                     _OSCCON3	set	175
   106  0000                     _PMD3	set	99
   107  0000                     _PMD1	set	97
   108  0000                     _PMD8	set	104
   109  0000                     _PMD7	set	103
   110  0000                     _PMD6	set	102
   111  0000                     _PMD5	set	101
   112  0000                     _PMD4	set	100
   113                           
   114                           ; #config settings
   115                           
   116                           	psect	cinit
   117  01FE94                     __pcinit:
   118                           	callstack 0
   119  01FE94                     start_initialization:
   120                           	callstack 0
   121  01FE94                     __initialization:
   122                           	callstack 0
   123  01FE94                     end_of_initialization:
   124                           	callstack 0
   125  01FE94                     __end_of__initialization:
   126                           	callstack 0
   127  01FE94  0100               	movlb	0
   128  01FE96  EF74  F0FF         	goto	_main	;jump to C main() function
   129                           
   130                           	psect	cstackCOMRAM
   131  000501                     __pcstackCOMRAM:
   132                           	callstack 0
   133  000501                     ??_main:
   134                           
   135                           ; 1 bytes @ 0x0
   136  000501                     	ds	1
   137                           
   138 ;;
   139 ;;Main: autosize = 0, tempsize = 1, incstack = 0, save=0
   140 ;;
   141 ;; *************** function _main *****************
   142 ;; Defined at:
   143 ;;		line 49 in file "main.c"
   144 ;; Parameters:    Size  Location     Type
   145 ;;		None
   146 ;; Auto vars:     Size  Location     Type
   147 ;;		None
   148 ;; Return value:  Size  Location     Type
   149 ;;                  1    wreg      void 
   150 ;; Registers used:
   151 ;;		wreg, status,2, status,0, cstack
   152 ;; Tracked objects:
   153 ;;		On entry : 0/0
   154 ;;		On exit  : 0/0
   155 ;;		Unchanged: 0/0
   156 ;; Data sizes:     COMRAM   BANK5   BANK6   BANK7   BANK8   BANK9  BANK10  BANK11  BANK12  BANK13  BANK14  BANK15  BANK1
      +6  BANK17  BANK18  BANK19  BANK20  BANK21  BANK22  BANK23  BANK24  BANK25  BANK26  BANK27  BANK28  BANK29  BANK30  BANK3
      +1  BANK32  BANK33  BANK34  BANK35  BANK36
   157 ;;      Params:         0       0       0       0       0       0       0       0       0       0       0       0       
      +0       0       0       0       0       0       0       0       0       0       0       0       0       0       0       
      +0       0       0       0       0       0
   158 ;;      Locals:         0       0       0       0       0       0       0       0       0       0       0       0       
      +0       0       0       0       0       0       0       0       0       0       0       0       0       0       0       
      +0       0       0       0       0       0
   159 ;;      Temps:          1       0       0       0       0       0       0       0       0       0       0       0       
      +0       0       0       0       0       0       0       0       0       0       0       0       0       0       0       
      +0       0       0       0       0       0
   160 ;;      Totals:         1       0       0       0       0       0       0       0       0       0       0       0       
      +0       0       0       0       0       0       0       0       0       0       0       0       0       0       0       
      +0       0       0       0       0       0
   161 ;;Total ram usage:        1 bytes
   162 ;; Hardware stack levels required when called: 2
   163 ;; This function calls:
   164 ;;		_SYSTEM_Initialize
   165 ;; This function is called by:
   166 ;;		Startup code after reset
   167 ;; This function uses a non-reentrant model
   168 ;;
   169                           
   170                           	psect	text0
   171  01FEE8                     __ptext0:
   172                           	callstack 0
   173  01FEE8                     _main:
   174                           	callstack 125
   175  01FEE8                     
   176                           ;main.c: 52:     SYSTEM_Initialize();
   177  01FEE8  EC4D  F0FF         	call	_SYSTEM_Initialize	;wreg free
   178  01FEEC                     l881:
   179  01FEEC  B6C3               	btfsc	195,3,c	;volatile
   180  01FEEE  EF7B  F0FF         	goto	u11
   181  01FEF2  EF7E  F0FF         	goto	u10
   182  01FEF6                     u11:
   183  01FEF6  0E01               	movlw	1
   184  01FEF8  EF7F  F0FF         	goto	u16
   185  01FEFC                     u10:
   186  01FEFC  0E00               	movlw	0
   187  01FEFE                     u16:
   188  01FEFE  0AFF               	xorlw	255
   189  01FF00  6E01               	movwf	??_main^(0+1280),c
   190  01FF02  4601               	rlncf	??_main^(0+1280),f,c
   191  01FF04  4601               	rlncf	??_main^(0+1280),f,c
   192  01FF06  4601               	rlncf	??_main^(0+1280),f,c
   193  01FF08  50C3               	movf	195,w,c	;volatile
   194  01FF0A  1801               	xorwf	??_main^(0+1280),w,c
   195  01FF0C  0BF7               	andlw	-9
   196  01FF0E  1801               	xorwf	??_main^(0+1280),w,c
   197  01FF10  6EC3               	movwf	195,c	;volatile
   198  01FF12                     
   199                           ;main.c: 68:         _delay((unsigned long)((500)*(1000000/4000.0)));
   200  01FF12  0EA3               	movlw	163
   201  01FF14  6E01               	movwf	??_main^(0+1280),c
   202  01FF16  0E55               	movlw	85
   203  01FF18                     u37:
   204  01FF18  2EE8               	decfsz	wreg,f,c
   205  01FF1A  D7FE               	bra	u37
   206  01FF1C  2E01               	decfsz	??_main^(0+1280),f,c
   207  01FF1E  D7FC               	bra	u37
   208  01FF20  F000               	nop	
   209  01FF22  B6C3               	btfsc	195,3,c	;volatile
   210  01FF24  EF96  F0FF         	goto	u21
   211  01FF28  EF99  F0FF         	goto	u20
   212  01FF2C                     u21:
   213  01FF2C  0E01               	movlw	1
   214  01FF2E  EF9A  F0FF         	goto	u26
   215  01FF32                     u20:
   216  01FF32  0E00               	movlw	0
   217  01FF34                     u26:
   218  01FF34  0AFF               	xorlw	255
   219  01FF36  6E01               	movwf	??_main^(0+1280),c
   220  01FF38  4601               	rlncf	??_main^(0+1280),f,c
   221  01FF3A  4601               	rlncf	??_main^(0+1280),f,c
   222  01FF3C  4601               	rlncf	??_main^(0+1280),f,c
   223  01FF3E  50C3               	movf	195,w,c	;volatile
   224  01FF40  1801               	xorwf	??_main^(0+1280),w,c
   225  01FF42  0BF7               	andlw	-9
   226  01FF44  1801               	xorwf	??_main^(0+1280),w,c
   227  01FF46  6EC3               	movwf	195,c	;volatile
   228  01FF48                     
   229                           ;main.c: 70:         _delay((unsigned long)((500)*(1000000/4000.0)));
   230  01FF48  0EA3               	movlw	163
   231  01FF4A  6E01               	movwf	??_main^(0+1280),c
   232  01FF4C  0E55               	movlw	85
   233  01FF4E                     u47:
   234  01FF4E  2EE8               	decfsz	wreg,f,c
   235  01FF50  D7FE               	bra	u47
   236  01FF52  2E01               	decfsz	??_main^(0+1280),f,c
   237  01FF54  D7FC               	bra	u47
   238  01FF56  F000               	nop	
   239  01FF58  EF76  F0FF         	goto	l881
   240  01FF5C  EFFE  F0FF         	goto	start
   241  01FF60                     __end_of_main:
   242                           	callstack 0
   243                           
   244 ;; *************** function _SYSTEM_Initialize *****************
   245 ;; Defined at:
   246 ;;		line 50 in file "mcc_generated_files/mcc.c"
   247 ;; Parameters:    Size  Location     Type
   248 ;;		None
   249 ;; Auto vars:     Size  Location     Type
   250 ;;		None
   251 ;; Return value:  Size  Location     Type
   252 ;;                  1    wreg      void 
   253 ;; Registers used:
   254 ;;		wreg, status,2, cstack
   255 ;; Tracked objects:
   256 ;;		On entry : 0/0
   257 ;;		On exit  : 0/0
   258 ;;		Unchanged: 0/0
   259 ;; Data sizes:     COMRAM   BANK5   BANK6   BANK7   BANK8   BANK9  BANK10  BANK11  BANK12  BANK13  BANK14  BANK15  BANK1
      +6  BANK17  BANK18  BANK19  BANK20  BANK21  BANK22  BANK23  BANK24  BANK25  BANK26  BANK27  BANK28  BANK29  BANK30  BANK3
      +1  BANK32  BANK33  BANK34  BANK35  BANK36
   260 ;;      Params:         0       0       0       0       0       0       0       0       0       0       0       0       
      +0       0       0       0       0       0       0       0       0       0       0       0       0       0       0       
      +0       0       0       0       0       0
   261 ;;      Locals:         0       0       0       0       0       0       0       0       0       0       0       0       
      +0       0       0       0       0       0       0       0       0       0       0       0       0       0       0       
      +0       0       0       0       0       0
   262 ;;      Temps:          0       0       0       0       0       0       0       0       0       0       0       0       
      +0       0       0       0       0       0       0       0       0       0       0       0       0       0       0       
      +0       0       0       0       0       0
   263 ;;      Totals:         0       0       0       0       0       0       0       0       0       0       0       0       
      +0       0       0       0       0       0       0       0       0       0       0       0       0       0       0       
      +0       0       0       0       0       0
   264 ;;Total ram usage:        0 bytes
   265 ;; Hardware stack levels used: 1
   266 ;; Hardware stack levels required when called: 1
   267 ;; This function calls:
   268 ;;		_OSCILLATOR_Initialize
   269 ;;		_PIN_MANAGER_Initialize
   270 ;;		_PMD_Initialize
   271 ;; This function is called by:
   272 ;;		_main
   273 ;; This function uses a non-reentrant model
   274 ;;
   275                           
   276                           	psect	text1
   277  01FE9A                     __ptext1:
   278                           	callstack 0
   279  01FE9A                     _SYSTEM_Initialize:
   280                           	callstack 125
   281  01FE9A                     
   282                           ;mcc_generated_files/mcc.c: 52:     PMD_Initialize();
   283  01FE9A  EC62  F0FF         	call	_PMD_Initialize	;wreg free
   284                           
   285                           ;mcc_generated_files/mcc.c: 53:     PIN_MANAGER_Initialize();
   286  01FE9E  ECB0  F0FF         	call	_PIN_MANAGER_Initialize	;wreg free
   287                           
   288                           ;mcc_generated_files/mcc.c: 54:     OSCILLATOR_Initialize();
   289  01FEA2  EC54  F0FF         	call	_OSCILLATOR_Initialize	;wreg free
   290  01FEA6  0012               	return		;funcret
   291  01FEA8                     __end_of_SYSTEM_Initialize:
   292                           	callstack 0
   293                           
   294 ;; *************** function _PMD_Initialize *****************
   295 ;; Defined at:
   296 ;;		line 73 in file "mcc_generated_files/mcc.c"
   297 ;; Parameters:    Size  Location     Type
   298 ;;		None
   299 ;; Auto vars:     Size  Location     Type
   300 ;;		None
   301 ;; Return value:  Size  Location     Type
   302 ;;                  1    wreg      void 
   303 ;; Registers used:
   304 ;;		wreg, status,2
   305 ;; Tracked objects:
   306 ;;		On entry : 0/0
   307 ;;		On exit  : 0/0
   308 ;;		Unchanged: 0/0
   309 ;; Data sizes:     COMRAM   BANK5   BANK6   BANK7   BANK8   BANK9  BANK10  BANK11  BANK12  BANK13  BANK14  BANK15  BANK1
      +6  BANK17  BANK18  BANK19  BANK20  BANK21  BANK22  BANK23  BANK24  BANK25  BANK26  BANK27  BANK28  BANK29  BANK30  BANK3
      +1  BANK32  BANK33  BANK34  BANK35  BANK36
   310 ;;      Params:         0       0       0       0       0       0       0       0       0       0       0       0       
      +0       0       0       0       0       0       0       0       0       0       0       0       0       0       0       
      +0       0       0       0       0       0
   311 ;;      Locals:         0       0       0       0       0       0       0       0       0       0       0       0       
      +0       0       0       0       0       0       0       0       0       0       0       0       0       0       0       
      +0       0       0       0       0       0
   312 ;;      Temps:          0       0       0       0       0       0       0       0       0       0       0       0       
      +0       0       0       0       0       0       0       0       0       0       0       0       0       0       0       
      +0       0       0       0       0       0
   313 ;;      Totals:         0       0       0       0       0       0       0       0       0       0       0       0       
      +0       0       0       0       0       0       0       0       0       0       0       0       0       0       0       
      +0       0       0       0       0       0
   314 ;;Total ram usage:        0 bytes
   315 ;; Hardware stack levels used: 1
   316 ;; This function calls:
   317 ;;		Nothing
   318 ;; This function is called by:
   319 ;;		_SYSTEM_Initialize
   320 ;; This function uses a non-reentrant model
   321 ;;
   322                           
   323                           	psect	text2
   324  01FEC4                     __ptext2:
   325                           	callstack 0
   326  01FEC4                     _PMD_Initialize:
   327                           	callstack 125
   328  01FEC4                     
   329                           ;mcc_generated_files/mcc.c: 76:     PMD0 = 0x00;
   330  01FEC4  0E00               	movlw	0
   331  01FEC6  0100               	movlb	0	; () banked
   332  01FEC8  6F60               	movwf	96,b	;volatile
   333                           
   334                           ;mcc_generated_files/mcc.c: 78:     PMD1 = 0x00;
   335  01FECA  0E00               	movlw	0
   336  01FECC  6F61               	movwf	97,b	;volatile
   337                           
   338                           ;mcc_generated_files/mcc.c: 80:     PMD3 = 0x00;
   339  01FECE  0E00               	movlw	0
   340  01FED0  6F63               	movwf	99,b	;volatile
   341                           
   342                           ;mcc_generated_files/mcc.c: 82:     PMD4 = 0x00;
   343  01FED2  0E00               	movlw	0
   344  01FED4  6F64               	movwf	100,b	;volatile
   345                           
   346                           ;mcc_generated_files/mcc.c: 84:     PMD5 = 0x00;
   347  01FED6  0E00               	movlw	0
   348  01FED8  6F65               	movwf	101,b	;volatile
   349                           
   350                           ;mcc_generated_files/mcc.c: 86:     PMD6 = 0x00;
   351  01FEDA  0E00               	movlw	0
   352  01FEDC  6F66               	movwf	102,b	;volatile
   353                           
   354                           ;mcc_generated_files/mcc.c: 88:     PMD7 = 0x00;
   355  01FEDE  0E00               	movlw	0
   356  01FEE0  6F67               	movwf	103,b	;volatile
   357                           
   358                           ;mcc_generated_files/mcc.c: 90:     PMD8 = 0x00;
   359  01FEE2  0E00               	movlw	0
   360  01FEE4  6F68               	movwf	104,b	;volatile
   361  01FEE6                     
   362                           ; BSR set to: 0
   363  01FEE6  0012               	return		;funcret
   364  01FEE8                     __end_of_PMD_Initialize:
   365                           	callstack 0
   366                           
   367 ;; *************** function _PIN_MANAGER_Initialize *****************
   368 ;; Defined at:
   369 ;;		line 55 in file "mcc_generated_files/pin_manager.c"
   370 ;; Parameters:    Size  Location     Type
   371 ;;		None
   372 ;; Auto vars:     Size  Location     Type
   373 ;;		None
   374 ;; Return value:  Size  Location     Type
   375 ;;                  1    wreg      void 
   376 ;; Registers used:
   377 ;;		wreg, status,2
   378 ;; Tracked objects:
   379 ;;		On entry : 0/0
   380 ;;		On exit  : 0/0
   381 ;;		Unchanged: 0/0
   382 ;; Data sizes:     COMRAM   BANK5   BANK6   BANK7   BANK8   BANK9  BANK10  BANK11  BANK12  BANK13  BANK14  BANK15  BANK1
      +6  BANK17  BANK18  BANK19  BANK20  BANK21  BANK22  BANK23  BANK24  BANK25  BANK26  BANK27  BANK28  BANK29  BANK30  BANK3
      +1  BANK32  BANK33  BANK34  BANK35  BANK36
   383 ;;      Params:         0       0       0       0       0       0       0       0       0       0       0       0       
      +0       0       0       0       0       0       0       0       0       0       0       0       0       0       0       
      +0       0       0       0       0       0
   384 ;;      Locals:         0       0       0       0       0       0       0       0       0       0       0       0       
      +0       0       0       0       0       0       0       0       0       0       0       0       0       0       0       
      +0       0       0       0       0       0
   385 ;;      Temps:          0       0       0       0       0       0       0       0       0       0       0       0       
      +0       0       0       0       0       0       0       0       0       0       0       0       0       0       0       
      +0       0       0       0       0       0
   386 ;;      Totals:         0       0       0       0       0       0       0       0       0       0       0       0       
      +0       0       0       0       0       0       0       0       0       0       0       0       0       0       0       
      +0       0       0       0       0       0
   387 ;;Total ram usage:        0 bytes
   388 ;; Hardware stack levels used: 1
   389 ;; This function calls:
   390 ;;		Nothing
   391 ;; This function is called by:
   392 ;;		_SYSTEM_Initialize
   393 ;; This function uses a non-reentrant model
   394 ;;
   395                           
   396                           	psect	text3
   397  01FF60                     __ptext3:
   398                           	callstack 0
   399  01FF60                     _PIN_MANAGER_Initialize:
   400                           	callstack 125
   401  01FF60                     
   402                           ;mcc_generated_files/pin_manager.c: 60:     LATE = 0x00;
   403  01FF60  0E00               	movlw	0
   404  01FF62  6EC2               	movwf	194,c	;volatile
   405                           
   406                           ;mcc_generated_files/pin_manager.c: 61:     LATD = 0x00;
   407  01FF64  0E00               	movlw	0
   408  01FF66  6EC1               	movwf	193,c	;volatile
   409                           
   410                           ;mcc_generated_files/pin_manager.c: 62:     LATA = 0x00;
   411  01FF68  0E00               	movlw	0
   412  01FF6A  6EBE               	movwf	190,c	;volatile
   413                           
   414                           ;mcc_generated_files/pin_manager.c: 63:     LATF = 0x00;
   415  01FF6C  0E00               	movlw	0
   416  01FF6E  6EC3               	movwf	195,c	;volatile
   417                           
   418                           ;mcc_generated_files/pin_manager.c: 64:     LATB = 0x00;
   419  01FF70  0E00               	movlw	0
   420  01FF72  6EBF               	movwf	191,c	;volatile
   421                           
   422                           ;mcc_generated_files/pin_manager.c: 65:     LATC = 0x00;
   423  01FF74  0E00               	movlw	0
   424  01FF76  6EC0               	movwf	192,c	;volatile
   425                           
   426                           ;mcc_generated_files/pin_manager.c: 70:     TRISE = 0x07;
   427  01FF78  0E07               	movlw	7
   428  01FF7A  6ECA               	movwf	202,c	;volatile
   429                           
   430                           ;mcc_generated_files/pin_manager.c: 71:     TRISF = 0xF7;
   431  01FF7C  0EF7               	movlw	247
   432  01FF7E  6ECB               	movwf	203,c	;volatile
   433  01FF80                     
   434                           ;mcc_generated_files/pin_manager.c: 72:     TRISA = 0xFF;
   435  01FF80  68C6               	setf	198,c	;volatile
   436  01FF82                     
   437                           ;mcc_generated_files/pin_manager.c: 73:     TRISB = 0xFF;
   438  01FF82  68C7               	setf	199,c	;volatile
   439  01FF84                     
   440                           ;mcc_generated_files/pin_manager.c: 74:     TRISC = 0xFF;
   441  01FF84  68C8               	setf	200,c	;volatile
   442  01FF86                     
   443                           ;mcc_generated_files/pin_manager.c: 75:     TRISD = 0xFF;
   444  01FF86  68C9               	setf	201,c	;volatile
   445  01FF88                     
   446                           ;mcc_generated_files/pin_manager.c: 80:     ANSELD = 0xFF;
   447  01FF88  0104               	movlb	4	; () banked
   448  01FF8A  6918               	setf	24,b	;volatile
   449  01FF8C                     
   450                           ; BSR set to: 4
   451                           ;mcc_generated_files/pin_manager.c: 81:     ANSELC = 0xFF;
   452  01FF8C  6910               	setf	16,b	;volatile
   453  01FF8E                     
   454                           ; BSR set to: 4
   455                           ;mcc_generated_files/pin_manager.c: 82:     ANSELB = 0xFF;
   456  01FF8E  6908               	setf	8,b	;volatile
   457                           
   458                           ;mcc_generated_files/pin_manager.c: 83:     ANSELE = 0x07;
   459  01FF90  0E07               	movlw	7
   460  01FF92  6F20               	movwf	32,b	;volatile
   461                           
   462                           ;mcc_generated_files/pin_manager.c: 84:     ANSELF = 0xF7;
   463  01FF94  0EF7               	movlw	247
   464  01FF96  6F28               	movwf	40,b	;volatile
   465  01FF98                     
   466                           ; BSR set to: 4
   467                           ;mcc_generated_files/pin_manager.c: 85:     ANSELA = 0xFF;
   468  01FF98  6900               	setf	0,b	;volatile
   469                           
   470                           ;mcc_generated_files/pin_manager.c: 90:     WPUD = 0x00;
   471  01FF9A  0E00               	movlw	0
   472  01FF9C  6F19               	movwf	25,b	;volatile
   473                           
   474                           ;mcc_generated_files/pin_manager.c: 91:     WPUF = 0x00;
   475  01FF9E  0E00               	movlw	0
   476  01FFA0  6F29               	movwf	41,b	;volatile
   477                           
   478                           ;mcc_generated_files/pin_manager.c: 92:     WPUE = 0x00;
   479  01FFA2  0E00               	movlw	0
   480  01FFA4  6F21               	movwf	33,b	;volatile
   481                           
   482                           ;mcc_generated_files/pin_manager.c: 93:     WPUB = 0x00;
   483  01FFA6  0E00               	movlw	0
   484  01FFA8  6F09               	movwf	9,b	;volatile
   485                           
   486                           ;mcc_generated_files/pin_manager.c: 94:     WPUA = 0x00;
   487  01FFAA  0E00               	movlw	0
   488  01FFAC  6F01               	movwf	1,b	;volatile
   489                           
   490                           ;mcc_generated_files/pin_manager.c: 95:     WPUC = 0x00;
   491  01FFAE  0E00               	movlw	0
   492  01FFB0  6F11               	movwf	17,b	;volatile
   493                           
   494                           ;mcc_generated_files/pin_manager.c: 100:     RB1I2C = 0x00;
   495  01FFB2  0E00               	movlw	0
   496  01FFB4  0102               	movlb	2	; () banked
   497  01FFB6  6F89               	movwf	137,b	;volatile
   498                           
   499                           ;mcc_generated_files/pin_manager.c: 101:     RB2I2C = 0x00;
   500  01FFB8  0E00               	movlw	0
   501  01FFBA  6F88               	movwf	136,b	;volatile
   502                           
   503                           ;mcc_generated_files/pin_manager.c: 102:     RC3I2C = 0x00;
   504  01FFBC  0E00               	movlw	0
   505  01FFBE  6F87               	movwf	135,b	;volatile
   506                           
   507                           ;mcc_generated_files/pin_manager.c: 103:     RC4I2C = 0x00;
   508  01FFC0  0E00               	movlw	0
   509  01FFC2  6F86               	movwf	134,b	;volatile
   510                           
   511                           ;mcc_generated_files/pin_manager.c: 108:     ODCONE = 0x00;
   512  01FFC4  0E00               	movlw	0
   513  01FFC6  0104               	movlb	4	; () banked
   514  01FFC8  6F22               	movwf	34,b	;volatile
   515                           
   516                           ;mcc_generated_files/pin_manager.c: 109:     ODCONF = 0x00;
   517  01FFCA  0E00               	movlw	0
   518  01FFCC  6F2A               	movwf	42,b	;volatile
   519                           
   520                           ;mcc_generated_files/pin_manager.c: 110:     ODCONA = 0x00;
   521  01FFCE  0E00               	movlw	0
   522  01FFD0  6F02               	movwf	2,b	;volatile
   523                           
   524                           ;mcc_generated_files/pin_manager.c: 111:     ODCONB = 0x00;
   525  01FFD2  0E00               	movlw	0
   526  01FFD4  6F0A               	movwf	10,b	;volatile
   527                           
   528                           ;mcc_generated_files/pin_manager.c: 112:     ODCONC = 0x00;
   529  01FFD6  0E00               	movlw	0
   530  01FFD8  6F12               	movwf	18,b	;volatile
   531                           
   532                           ;mcc_generated_files/pin_manager.c: 113:     ODCOND = 0x00;
   533  01FFDA  0E00               	movlw	0
   534  01FFDC  6F1A               	movwf	26,b	;volatile
   535  01FFDE                     
   536                           ; BSR set to: 4
   537                           ;mcc_generated_files/pin_manager.c: 118:     SLRCONA = 0xFF;
   538  01FFDE  6903               	setf	3,b	;volatile
   539  01FFE0                     
   540                           ; BSR set to: 4
   541                           ;mcc_generated_files/pin_manager.c: 119:     SLRCONB = 0xFF;
   542  01FFE0  690B               	setf	11,b	;volatile
   543  01FFE2                     
   544                           ; BSR set to: 4
   545                           ;mcc_generated_files/pin_manager.c: 120:     SLRCONC = 0xFF;
   546  01FFE2  6913               	setf	19,b	;volatile
   547  01FFE4                     
   548                           ; BSR set to: 4
   549                           ;mcc_generated_files/pin_manager.c: 121:     SLRCOND = 0xFF;
   550  01FFE4  691B               	setf	27,b	;volatile
   551                           
   552                           ;mcc_generated_files/pin_manager.c: 122:     SLRCONE = 0x07;
   553  01FFE6  0E07               	movlw	7
   554  01FFE8  6F23               	movwf	35,b	;volatile
   555  01FFEA                     
   556                           ; BSR set to: 4
   557                           ;mcc_generated_files/pin_manager.c: 123:     SLRCONF = 0xFF;
   558  01FFEA  692B               	setf	43,b	;volatile
   559  01FFEC                     
   560                           ; BSR set to: 4
   561                           ;mcc_generated_files/pin_manager.c: 128:     INLVLA = 0xFF;
   562  01FFEC  6904               	setf	4,b	;volatile
   563  01FFEE                     
   564                           ; BSR set to: 4
   565                           ;mcc_generated_files/pin_manager.c: 129:     INLVLB = 0xFF;
   566  01FFEE  690C               	setf	12,b	;volatile
   567  01FFF0                     
   568                           ; BSR set to: 4
   569                           ;mcc_generated_files/pin_manager.c: 130:     INLVLC = 0xFF;
   570  01FFF0  6914               	setf	20,b	;volatile
   571  01FFF2                     
   572                           ; BSR set to: 4
   573                           ;mcc_generated_files/pin_manager.c: 131:     INLVLD = 0xFF;
   574  01FFF2  691C               	setf	28,b	;volatile
   575                           
   576                           ;mcc_generated_files/pin_manager.c: 132:     INLVLE = 0x0F;
   577  01FFF4  0E0F               	movlw	15
   578  01FFF6  6F24               	movwf	36,b	;volatile
   579  01FFF8                     
   580                           ; BSR set to: 4
   581                           ;mcc_generated_files/pin_manager.c: 133:     INLVLF = 0xFF;
   582  01FFF8  692C               	setf	44,b	;volatile
   583  01FFFA                     
   584                           ; BSR set to: 4
   585  01FFFA  0012               	return		;funcret
   586  01FFFC                     __end_of_PIN_MANAGER_Initialize:
   587                           	callstack 0
   588                           
   589 ;; *************** function _OSCILLATOR_Initialize *****************
   590 ;; Defined at:
   591 ;;		line 57 in file "mcc_generated_files/mcc.c"
   592 ;; Parameters:    Size  Location     Type
   593 ;;		None
   594 ;; Auto vars:     Size  Location     Type
   595 ;;		None
   596 ;; Return value:  Size  Location     Type
   597 ;;                  1    wreg      void 
   598 ;; Registers used:
   599 ;;		wreg, status,2
   600 ;; Tracked objects:
   601 ;;		On entry : 0/0
   602 ;;		On exit  : 0/0
   603 ;;		Unchanged: 0/0
   604 ;; Data sizes:     COMRAM   BANK5   BANK6   BANK7   BANK8   BANK9  BANK10  BANK11  BANK12  BANK13  BANK14  BANK15  BANK1
      +6  BANK17  BANK18  BANK19  BANK20  BANK21  BANK22  BANK23  BANK24  BANK25  BANK26  BANK27  BANK28  BANK29  BANK30  BANK3
      +1  BANK32  BANK33  BANK34  BANK35  BANK36
   605 ;;      Params:         0       0       0       0       0       0       0       0       0       0       0       0       
      +0       0       0       0       0       0       0       0       0       0       0       0       0       0       0       
      +0       0       0       0       0       0
   606 ;;      Locals:         0       0       0       0       0       0       0       0       0       0       0       0       
      +0       0       0       0       0       0       0       0       0       0       0       0       0       0       0       
      +0       0       0       0       0       0
   607 ;;      Temps:          0       0       0       0       0       0       0       0       0       0       0       0       
      +0       0       0       0       0       0       0       0       0       0       0       0       0       0       0       
      +0       0       0       0       0       0
   608 ;;      Totals:         0       0       0       0       0       0       0       0       0       0       0       0       
      +0       0       0       0       0       0       0       0       0       0       0       0       0       0       0       
      +0       0       0       0       0       0
   609 ;;Total ram usage:        0 bytes
   610 ;; Hardware stack levels used: 1
   611 ;; This function calls:
   612 ;;		Nothing
   613 ;; This function is called by:
   614 ;;		_SYSTEM_Initialize
   615 ;; This function uses a non-reentrant model
   616 ;;
   617                           
   618                           	psect	text4
   619  01FEA8                     __ptext4:
   620                           	callstack 0
   621  01FEA8                     _OSCILLATOR_Initialize:
   622                           	callstack 125
   623  01FEA8                     
   624                           ;mcc_generated_files/mcc.c: 60:     OSCCON1 = 0x62;
   625  01FEA8  0E62               	movlw	98
   626  01FEAA  0100               	movlb	0	; () banked
   627  01FEAC  6FAD               	movwf	173,b	;volatile
   628                           
   629                           ;mcc_generated_files/mcc.c: 62:     OSCCON3 = 0x00;
   630  01FEAE  0E00               	movlw	0
   631  01FEB0  6FAF               	movwf	175,b	;volatile
   632                           
   633                           ;mcc_generated_files/mcc.c: 64:     OSCEN = 0x00;
   634  01FEB2  0E00               	movlw	0
   635  01FEB4  6FB3               	movwf	179,b	;volatile
   636                           
   637                           ;mcc_generated_files/mcc.c: 66:     OSCFRQ = 0x02;
   638  01FEB6  0E02               	movlw	2
   639  01FEB8  6FB1               	movwf	177,b	;volatile
   640                           
   641                           ;mcc_generated_files/mcc.c: 68:     OSCTUNE = 0x00;
   642  01FEBA  0E00               	movlw	0
   643  01FEBC  6FB0               	movwf	176,b	;volatile
   644                           
   645                           ;mcc_generated_files/mcc.c: 70:     ACTCON = 0x00;
   646  01FEBE  0E00               	movlw	0
   647  01FEC0  6FAC               	movwf	172,b	;volatile
   648  01FEC2                     
   649                           ; BSR set to: 0
   650  01FEC2  0012               	return		;funcret
   651  01FEC4                     __end_of_OSCILLATOR_Initialize:
   652                           	callstack 0
   653  0000                     
   654                           	psect	rparam
   655  0000                     
   656                           	psect	idloc
   657                           
   658                           ;Config register IDLOC0 @ 0x200000
   659                           ;	unspecified, using default values
   660  200000                     	org	2097152
   661  200000  0FFF               	dw	4095
   662                           
   663                           ;Config register IDLOC1 @ 0x200002
   664                           ;	unspecified, using default values
   665  200002                     	org	2097154
   666  200002  0FFF               	dw	4095
   667                           
   668                           ;Config register IDLOC2 @ 0x200004
   669                           ;	unspecified, using default values
   670  200004                     	org	2097156
   671  200004  0FFF               	dw	4095
   672                           
   673                           ;Config register IDLOC3 @ 0x200006
   674                           ;	unspecified, using default values
   675  200006                     	org	2097158
   676  200006  0FFF               	dw	4095
   677                           
   678                           ;Config register IDLOC4 @ 0x200008
   679                           ;	unspecified, using default values
   680  200008                     	org	2097160
   681  200008  0FFF               	dw	4095
   682                           
   683                           ;Config register IDLOC5 @ 0x20000A
   684                           ;	unspecified, using default values
   685  20000A                     	org	2097162
   686  20000A  0FFF               	dw	4095
   687                           
   688                           ;Config register IDLOC6 @ 0x20000C
   689                           ;	unspecified, using default values
   690  20000C                     	org	2097164
   691  20000C  0FFF               	dw	4095
   692                           
   693                           ;Config register IDLOC7 @ 0x20000E
   694                           ;	unspecified, using default values
   695  20000E                     	org	2097166
   696  20000E  0FFF               	dw	4095
   697                           
   698                           ;Config register IDLOC8 @ 0x200010
   699                           ;	unspecified, using default values
   700  200010                     	org	2097168
   701  200010  0FFF               	dw	4095
   702                           
   703                           ;Config register IDLOC9 @ 0x200012
   704                           ;	unspecified, using default values
   705  200012                     	org	2097170
   706  200012  0FFF               	dw	4095
   707                           
   708                           ;Config register IDLOC10 @ 0x200014
   709                           ;	unspecified, using default values
   710  200014                     	org	2097172
   711  200014  0FFF               	dw	4095
   712                           
   713                           ;Config register IDLOC11 @ 0x200016
   714                           ;	unspecified, using default values
   715  200016                     	org	2097174
   716  200016  0FFF               	dw	4095
   717                           
   718                           ;Config register IDLOC12 @ 0x200018
   719                           ;	unspecified, using default values
   720  200018                     	org	2097176
   721  200018  0FFF               	dw	4095
   722                           
   723                           ;Config register IDLOC13 @ 0x20001A
   724                           ;	unspecified, using default values
   725  20001A                     	org	2097178
   726  20001A  0FFF               	dw	4095
   727                           
   728                           ;Config register IDLOC14 @ 0x20001C
   729                           ;	unspecified, using default values
   730  20001C                     	org	2097180
   731  20001C  0FFF               	dw	4095
   732                           
   733                           ;Config register IDLOC15 @ 0x20001E
   734                           ;	unspecified, using default values
   735  20001E                     	org	2097182
   736  20001E  0FFF               	dw	4095
   737                           
   738                           ;Config register IDLOC16 @ 0x200020
   739                           ;	unspecified, using default values
   740  200020                     	org	2097184
   741  200020  0FFF               	dw	4095
   742                           
   743                           ;Config register IDLOC17 @ 0x200022
   744                           ;	unspecified, using default values
   745  200022                     	org	2097186
   746  200022  0FFF               	dw	4095
   747                           
   748                           ;Config register IDLOC18 @ 0x200024
   749                           ;	unspecified, using default values
   750  200024                     	org	2097188
   751  200024  0FFF               	dw	4095
   752                           
   753                           ;Config register IDLOC19 @ 0x200026
   754                           ;	unspecified, using default values
   755  200026                     	org	2097190
   756  200026  0FFF               	dw	4095
   757                           
   758                           ;Config register IDLOC20 @ 0x200028
   759                           ;	unspecified, using default values
   760  200028                     	org	2097192
   761  200028  0FFF               	dw	4095
   762                           
   763                           ;Config register IDLOC21 @ 0x20002A
   764                           ;	unspecified, using default values
   765  20002A                     	org	2097194
   766  20002A  0FFF               	dw	4095
   767                           
   768                           ;Config register IDLOC22 @ 0x20002C
   769                           ;	unspecified, using default values
   770  20002C                     	org	2097196
   771  20002C  0FFF               	dw	4095
   772                           
   773                           ;Config register IDLOC23 @ 0x20002E
   774                           ;	unspecified, using default values
   775  20002E                     	org	2097198
   776  20002E  0FFF               	dw	4095
   777                           
   778                           ;Config register IDLOC24 @ 0x200030
   779                           ;	unspecified, using default values
   780  200030                     	org	2097200
   781  200030  0FFF               	dw	4095
   782                           
   783                           ;Config register IDLOC25 @ 0x200032
   784                           ;	unspecified, using default values
   785  200032                     	org	2097202
   786  200032  0FFF               	dw	4095
   787                           
   788                           ;Config register IDLOC26 @ 0x200034
   789                           ;	unspecified, using default values
   790  200034                     	org	2097204
   791  200034  0FFF               	dw	4095
   792                           
   793                           ;Config register IDLOC27 @ 0x200036
   794                           ;	unspecified, using default values
   795  200036                     	org	2097206
   796  200036  0FFF               	dw	4095
   797                           
   798                           ;Config register IDLOC28 @ 0x200038
   799                           ;	unspecified, using default values
   800  200038                     	org	2097208
   801  200038  0FFF               	dw	4095
   802                           
   803                           ;Config register IDLOC29 @ 0x20003A
   804                           ;	unspecified, using default values
   805  20003A                     	org	2097210
   806  20003A  0FFF               	dw	4095
   807                           
   808                           ;Config register IDLOC30 @ 0x20003C
   809                           ;	unspecified, using default values
   810  20003C                     	org	2097212
   811  20003C  0FFF               	dw	4095
   812                           
   813                           ;Config register IDLOC31 @ 0x20003E
   814                           ;	unspecified, using default values
   815  20003E                     	org	2097214
   816  20003E  0FFF               	dw	4095
   817                           
   818                           	psect	config
   819                           
   820                           ;Config register CONFIG1 @ 0x300000
   821                           ;	External Oscillator Selection
   822                           ;	FEXTOSC = OFF, Oscillator not enabled
   823                           ;	Reset Oscillator Selection
   824                           ;	RSTOSC = HFINTOSC_1MHZ, HFINTOSC with HFFRQ = 4 MHz and CDIV = 4:1
   825  300000                     	org	3145728
   826  300000  EC                 	db	236
   827                           
   828                           ;Config register CONFIG2 @ 0x300001
   829                           ;	Clock out Enable bit
   830                           ;	CLKOUTEN = OFF, CLKOUT function is disabled
   831                           ;	PRLOCKED One-Way Set Enable bit
   832                           ;	PR1WAY = ON, PRLOCKED bit can be cleared and set only once
   833                           ;	Clock Switch Enable bit
   834                           ;	CSWEN = ON, Writing to NOSC and NDIV is allowed
   835                           ;	Fail-Safe Clock Monitor Enable bit
   836                           ;	FCMEN = ON, Fail-Safe Clock Monitor enabled
   837  300001                     	org	3145729
   838  300001  FF                 	db	255
   839                           
   840                           ;Config register CONFIG3 @ 0x300002
   841                           ;	MCLR Enable bit
   842                           ;	MCLRE = EXTMCLR, If LVP = 0, MCLR pin is MCLR; If LVP = 1, RE3 pin function is MCLR
   843                           ;	Power-up timer selection bits
   844                           ;	PWRTS = PWRT_OFF, PWRT is disabled
   845                           ;	Multi-vector enable bit
   846                           ;	MVECEN = OFF, Interrupt contoller does not use vector table to prioritze interrupts
   847                           ;	IVTLOCK bit One-way set enable bit
   848                           ;	IVT1WAY = ON, IVTLOCKED bit can be cleared and set only once
   849                           ;	Low Power BOR Enable bit
   850                           ;	LPBOREN = OFF, Low-Power BOR disabled
   851                           ;	Brown-out Reset Enable bits
   852                           ;	BOREN = SBORDIS, Brown-out Reset enabled , SBOREN bit is ignored
   853  300002                     	org	3145730
   854  300002  F7                 	db	247
   855                           
   856                           ;Config register CONFIG4 @ 0x300003
   857                           ;	Brown-out Reset Voltage Selection bits
   858                           ;	BORV = VBOR_1P9, Brown-out Reset Voltage (VBOR) set to 1.9V
   859                           ;	ZCD Disable bit
   860                           ;	ZCD = OFF, ZCD module is disabled. ZCD can be enabled by setting the ZCDSEN bit of ZCD
      +                          CON
   861                           ;	PPSLOCK bit One-Way Set Enable bit
   862                           ;	PPS1WAY = ON, PPSLOCKED bit can be cleared and set only once; PPS registers remain loc
      +                          ked after one clear/set cycle
   863                           ;	Stack Full/Underflow Reset Enable bit
   864                           ;	STVREN = ON, Stack full/underflow will cause Reset
   865                           ;	Low Voltage Programming Enable bit
   866                           ;	LVP = ON, Low voltage programming enabled. MCLR/VPP pin function is MCLR. MCLRE config
      +                          uration bit is ignored
   867                           ;	Extended Instruction Set Enable bit
   868                           ;	XINST = OFF, Extended Instruction Set and Indexed Addressing Mode disabled
   869  300003                     	org	3145731
   870  300003  FF                 	db	255
   871                           
   872                           ;Config register CONFIG5 @ 0x300004
   873                           ;	WDT Period selection bits
   874                           ;	WDTCPS = WDTCPS_31, Divider ratio 1:65536; software control of WDTPS
   875                           ;	WDT operating mode
   876                           ;	WDTE = OFF, WDT Disabled; SWDTEN is ignored
   877  300004                     	org	3145732
   878  300004  9F                 	db	159
   879                           
   880                           ;Config register CONFIG6 @ 0x300005
   881                           ;	WDT Window Select bits
   882                           ;	WDTCWS = WDTCWS_7, window always open (100%); software control; keyed access not requi
      +                          red
   883                           ;	WDT input clock selector
   884                           ;	WDTCCS = SC, Software Control
   885  300005                     	org	3145733
   886  300005  FF                 	db	255
   887                           
   888                           ;Config register CONFIG7 @ 0x300006
   889                           ;	Boot Block Size selection bits
   890                           ;	BBSIZE = BBSIZE_512, Boot Block size is 512 words
   891                           ;	Boot Block enable bit
   892                           ;	BBEN = OFF, Boot block disabled
   893                           ;	Storage Area Flash enable bit
   894                           ;	SAFEN = OFF, SAF disabled
   895                           ;	Background Debugger
   896                           ;	DEBUG = OFF, Background Debugger disabled
   897  300006                     	org	3145734
   898  300006  FF                 	db	255
   899                           
   900                           ;Config register CONFIG8 @ 0x300007
   901                           ;	Boot Block Write Protection bit
   902                           ;	WRTB = OFF, Boot Block not Write protected
   903                           ;	Configuration Register Write Protection bit
   904                           ;	WRTC = OFF, Configuration registers not Write protected
   905                           ;	Data EEPROM Write Protection bit
   906                           ;	WRTD = OFF, Data EEPROM not Write protected
   907                           ;	SAF Write protection bit
   908                           ;	WRTSAF = OFF, SAF not Write Protected
   909                           ;	Application Block write protection bit
   910                           ;	WRTAPP = OFF, Application Block not write protected
   911  300007                     	org	3145735
   912  300007  FF                 	db	255
   913                           
   914                           ; Padding undefined space
   915  300008                     	org	3145736
   916  300008  FF                 	db	255
   917                           
   918                           ;Config register CONFIG10 @ 0x300009
   919                           ;	PFM and Data EEPROM Code Protection bit
   920                           ;	CP = OFF, PFM and Data EEPROM code protection disabled
   921  300009                     	org	3145737
   922  300009  FF                 	db	255
   923                           tosu	equ	0x4FF
   924                           tosh	equ	0x4FE
   925                           tosl	equ	0x4FD
   926                           stkptr	equ	0x4FC
   927                           pclatu	equ	0x4FB
   928                           pclath	equ	0x4FA
   929                           pcl	equ	0x4F9
   930                           tblptru	equ	0x4F8
   931                           tblptrh	equ	0x4F7
   932                           tblptrl	equ	0x4F6
   933                           tablat	equ	0x4F5
   934                           prodh	equ	0x4F4
   935                           prodl	equ	0x4F3
   936                           indf0	equ	0x4EF
   937                           postinc0	equ	0x4EE
   938                           postdec0	equ	0x4ED
   939                           preinc0	equ	0x4EC
   940                           plusw0	equ	0x4EB
   941                           fsr0h	equ	0x4EA
   942                           fsr0l	equ	0x4E9
   943                           wreg	equ	0x4E8
   944                           indf1	equ	0x4E7
   945                           postinc1	equ	0x4E6
   946                           postdec1	equ	0x4E5
   947                           preinc1	equ	0x4E4
   948                           plusw1	equ	0x4E3
   949                           fsr1h	equ	0x4E2
   950                           fsr1l	equ	0x4E1
   951                           bsr	equ	0x4E0
   952                           indf2	equ	0x4DF
   953                           postinc2	equ	0x4DE
   954                           postdec2	equ	0x4DD
   955                           preinc2	equ	0x4DC
   956                           plusw2	equ	0x4DB
   957                           fsr2h	equ	0x4DA
   958                           fsr2l	equ	0x4D9
   959                           status	equ	0x4D8

Data Sizes:
    Strings     0
    Constant    0
    Data        0
    BSS         0
    Persistent  0
    Stack       0

Auto Spaces:
    Space          Size  Autos    Used
    COMRAM           95      1       1
    BANK5           160      0       0
    BANK6           256      0       0
    BANK7           256      0       0
    BANK8           256      0       0
    BANK9           256      0       0
    BANK10          256      0       0
    BANK11          256      0       0
    BANK12          256      0       0
    BANK13          256      0       0
    BANK14          256      0       0
    BANK15          256      0       0
    BANK16          256      0       0
    BANK17          256      0       0
    BANK18          256      0       0
    BANK19          256      0       0
    BANK20          256      0       0
    BANK21          256      0       0
    BANK22          256      0       0
    BANK23          256      0       0
    BANK24          256      0       0
    BANK25          256      0       0
    BANK26          256      0       0
    BANK27          256      0       0
    BANK28          256      0       0
    BANK29          256      0       0
    BANK30          256      0       0
    BANK31          256      0       0
    BANK32          256      0       0
    BANK33          256      0       0
    BANK34          256      0       0
    BANK35          256      0       0
    BANK36          256      0       0

Pointer List with Targets:

    None.

Critical Paths under _main in COMRAM

    None.

Critical Paths under _main in BANK5

    None.

Critical Paths under _main in BANK6

    None.

Critical Paths under _main in BANK7

    None.

Critical Paths under _main in BANK8

    None.

Critical Paths under _main in BANK9

    None.

Critical Paths under _main in BANK10

    None.

Critical Paths under _main in BANK11

    None.

Critical Paths under _main in BANK12

    None.

Critical Paths under _main in BANK13

    None.

Critical Paths under _main in BANK14

    None.

Critical Paths under _main in BANK15

    None.

Critical Paths under _main in BANK16

    None.

Critical Paths under _main in BANK17

    None.

Critical Paths under _main in BANK18

    None.

Critical Paths under _main in BANK19

    None.

Critical Paths under _main in BANK20

    None.

Critical Paths under _main in BANK21

    None.

Critical Paths under _main in BANK22

    None.

Critical Paths under _main in BANK23

    None.

Critical Paths under _main in BANK24

    None.

Critical Paths under _main in BANK25

    None.

Critical Paths under _main in BANK26

    None.

Critical Paths under _main in BANK27

    None.

Critical Paths under _main in BANK28

    None.

Critical Paths under _main in BANK29

    None.

Critical Paths under _main in BANK30

    None.

Critical Paths under _main in BANK31

    None.

Critical Paths under _main in BANK32

    None.

Critical Paths under _main in BANK33

    None.

Critical Paths under _main in BANK34

    None.

Critical Paths under _main in BANK35

    None.

Critical Paths under _main in BANK36

    None.

Call Graph Tables:

 ---------------------------------------------------------------------------------
 (Depth) Function   	        Calls       Base Space   Used Autos Params    Refs
 ---------------------------------------------------------------------------------
 (0) _main                                                 1     1      0       0
                                              0 COMRAM     1     1      0
                  _SYSTEM_Initialize
 ---------------------------------------------------------------------------------
 (1) _SYSTEM_Initialize                                    0     0      0       0
              _OSCILLATOR_Initialize
             _PIN_MANAGER_Initialize
                     _PMD_Initialize
 ---------------------------------------------------------------------------------
 (2) _PMD_Initialize                                       0     0      0       0
 ---------------------------------------------------------------------------------
 (2) _PIN_MANAGER_Initialize                               0     0      0       0
 ---------------------------------------------------------------------------------
 (2) _OSCILLATOR_Initialize                                0     0      0       0
 ---------------------------------------------------------------------------------
 Estimated maximum stack depth 2
 ---------------------------------------------------------------------------------

 Call Graph Graphs:

 _main (ROOT)
   _SYSTEM_Initialize
     _OSCILLATOR_Initialize
     _PIN_MANAGER_Initialize
     _PMD_Initialize

 Address spaces:
Name               Size   Autos  Total    Cost      Usage
BITCOMRAM           5F      0       0       0        0.0%
EEDATA             400      0       0       0        0.0%
NULL                 0      0       0       0        0.0%
CODE                 0      0       0       0        0.0%
COMRAM              5F      1       1       1        1.1%
STACK                0      0       0       2        0.0%
DATA                 0      0       0       3        0.0%
BITBANK5            A0      0       0       4        0.0%
BANK5               A0      0       0       5        0.0%
BITBANK6           100      0       0       6        0.0%
BANK6              100      0       0       7        0.0%
BITBANK7           100      0       0       8        0.0%
BANK7              100      0       0       9        0.0%
BITBANK8           100      0       0      10        0.0%
BANK8              100      0       0      11        0.0%
BITBANK9           100      0       0      12        0.0%
BANK9              100      0       0      13        0.0%
BITBANK10          100      0       0      14        0.0%
BANK10             100      0       0      15        0.0%
BITBANK11          100      0       0      16        0.0%
BANK11             100      0       0      17        0.0%
BITBANK12          100      0       0      18        0.0%
BANK12             100      0       0      19        0.0%
BITBANK13          100      0       0      20        0.0%
BANK13             100      0       0      21        0.0%
BITBANK14          100      0       0      22        0.0%
BANK14             100      0       0      23        0.0%
BITBANK15          100      0       0      24        0.0%
BANK15             100      0       0      25        0.0%
BITBANK16          100      0       0      26        0.0%
BANK16             100      0       0      27        0.0%
BITBANK17          100      0       0      28        0.0%
BANK17             100      0       0      29        0.0%
BITBANK18          100      0       0      30        0.0%
BANK18             100      0       0      31        0.0%
BITBANK19          100      0       0      32        0.0%
BANK19             100      0       0      33        0.0%
BITBANK20          100      0       0      34        0.0%
BANK20             100      0       0      35        0.0%
BITBANK21          100      0       0      36        0.0%
BANK21             100      0       0      37        0.0%
BITBANK22          100      0       0      38        0.0%
BANK22             100      0       0      39        0.0%
BITBANK23          100      0       0      40        0.0%
BANK23             100      0       0      41        0.0%
BITBANK24          100      0       0      42        0.0%
BANK24             100      0       0      43        0.0%
ABS                  0      0       0      44        0.0%
BITBANK25          100      0       0      45        0.0%
BANK25             100      0       0      46        0.0%
BITBANK26          100      0       0      47        0.0%
BANK26             100      0       0      48        0.0%
BITBANK27          100      0       0      49        0.0%
BANK27             100      0       0      50        0.0%
BITBANK28          100      0       0      51        0.0%
BANK28             100      0       0      52        0.0%
BITBANK29          100      0       0      53        0.0%
BANK29             100      0       0      54        0.0%
BITBANK30          100      0       0      55        0.0%
BANK30             100      0       0      56        0.0%
BITBANK31          100      0       0      57        0.0%
BANK31             100      0       0      58        0.0%
BITBANK32          100      0       0      59        0.0%
BANK32             100      0       0      60        0.0%
BITBANK33          100      0       0      61        0.0%
BANK33             100      0       0      62        0.0%
BITBANK34          100      0       0      63        0.0%
BANK34             100      0       0      64        0.0%
BITBANK35          100      0       0      65        0.0%
BANK35             100      0       0      66        0.0%
BITBANK36          100      0       0      67        0.0%
BANK36             100      0       0      68        0.0%
BITBIGSFR_1        100      0       0      69        0.0%
BIGRAM            1FFF      0       0      70        0.0%
BITBIGSFRhh         34      0       0      71        0.0%
BITBIGSFRhll         2      0       0      72        0.0%
BITBIGSFRllhhh      91      0       0      73        0.0%
BITBIGSFRllhhl       3      0       0      74        0.0%
BITBIGSFRllhl        3      0       0      75        0.0%
BITBIGSFRlllh        3      0       0      76        0.0%
BITBIGSFRllllh       3      0       0      77        0.0%
BITBIGSFRlllllh      3      0       0      78        0.0%
BITBIGSFRllllll    176      0       0      79        0.0%
BITBIGSFRllllll    1D2      0       0      80        0.0%
BITBIGSFRllllll      1      0       0      81        0.0%
BITBIGSFRllllll      1      0       0      82        0.0%
BITBIGSFRllllll     43      0       0      83        0.0%
BITBIGSFRllllll      1      0       0      84        0.0%
BITBIGSFRllllll     60      0       0      85        0.0%
BIGSFR_1             0      0       0     200        0.0%
BIGSFR               0      0       0     200        0.0%
BITSFR_6             0      0       0     200        0.0%
SFR_6                0      0       0     200        0.0%
BITSFR_5             0      0       0     200        0.0%
SFR_5                0      0       0     200        0.0%
BITSFR_4             0      0       0     200        0.0%
SFR_4                0      0       0     200        0.0%
BITSFR_3             0      0       0     200        0.0%
SFR_3                0      0       0     200        0.0%
BITSFR_2             0      0       0     200        0.0%
SFR_2                0      0       0     200        0.0%
BITSFR_1             0      0       0     200        0.0%
SFR_1                0      0       0     200        0.0%
BITSFR               0      0       0     200        0.0%
SFR                  0      0       0     200        0.0%


Microchip Technology PIC18 Macro Assembler V2.36 build 20220127204148 
Symbol Table                                                                                   Sat Jul 23 01:04:40 2022

                            l95 FFFA                              u10 FEFC                              u11 FEF6  
                            u20 FF32                              u21 FF2C                              u16 FEFE  
                            u26 FF34                              u37 FF18                              u47 FF4E  
                           l141 FEE6                             l135 FEA6                             l138 FEC2  
                           l841 FF84                             l851 FF98                             l843 FF86  
                           l835 FF60                             l861 FFEA                             l853 FFDE  
                           l845 FF88                             l837 FF80                             l871 FFF8  
                           l863 FFEC                             l855 FFE0                             l847 FF8C  
                           l839 FF82                             l865 FFEE                             l857 FFE2  
                           l849 FF8E                             l873 FEC4                             l881 FEEC  
                           l875 FEA8                             l867 FFF0                             l859 FFE4  
                           l883 FF12                             l869 FFF2                             l877 FE9A  
                           l885 FF22                             l887 FF48                             l879 FEE8  
                           wreg 0004E8                            _LATA 0004BE                            _LATB 0004BF  
                          _LATC 0004C0                            _LATD 0004C1                            _LATE 0004C2  
                          _LATF 0004C3                            _PMD0 000060                            _PMD1 000061  
                          _PMD3 000063                            _PMD4 000064                            _PMD5 000065  
                          _PMD6 000066                            _PMD7 000067                            _PMD8 000068  
                          _WPUA 000401                            _WPUB 000409                            _WPUC 000411  
                          _WPUD 000419                            _WPUE 000421                            _WPUF 000429  
                          _main FEE8                            start FFFC                    ___param_bank 000000  
 __end_of_OSCILLATOR_Initialize FEC4                           ?_main 0501                           _OSCEN 0000B3  
                         _TRISA 0004C6                           _TRISB 0004C7                           _TRISC 0004C8  
                         _TRISD 0004C9                           _TRISE 0004CA                           _TRISF 0004CB  
               __initialization FE94                    __end_of_main FF60                          ??_main 0501  
                 __activetblptr 000000                          _ACTCON 0000AC                          _ANSELA 000400  
                        _ANSELB 000408                          _ANSELC 000410                          _ANSELD 000418  
                        _ANSELE 000420                          _ANSELF 000428                          _RB1I2C 000289  
                        _RB2I2C 000288                          _RC3I2C 000287                          _RC4I2C 000286  
                        _ODCONA 000402                          _ODCONB 00040A                          _ODCONC 000412  
                        _ODCOND 00041A                          _ODCONE 000422                          _ODCONF 00042A  
                        _INLVLA 000404                          _INLVLB 00040C                          _INLVLC 000414  
                        _INLVLD 00041C                          _INLVLE 000424                          _INLVLF 00042C  
                        _OSCFRQ 0000B1                          isa$std 000001                  _PMD_Initialize FEC4  
             _SYSTEM_Initialize FE9A                      __accesstop 0560         __end_of__initialization FE94  
            ?_SYSTEM_Initialize 0501                   ___rparam_used 000001                  __pcstackCOMRAM 0501  
           ??_SYSTEM_Initialize 0501          __end_of_PMD_Initialize FEE8       __end_of_SYSTEM_Initialize FEA8  
               ?_PMD_Initialize 0501                         _OSCCON1 0000AD                         _OSCCON3 0000AF  
                       _OSCTUNE 0000B0                         _SLRCONA 000403                         _SLRCONB 00040B  
                       _SLRCONC 000413                         _SLRCOND 00041B                         _SLRCONE 000423  
                       _SLRCONF 00042B                         __Hparam 0000                         __Lparam 0000  
                       __pcinit FE94                         __ramtop 2500                         __ptext0 FEE8  
                       __ptext1 FE9A                         __ptext2 FEC4                         __ptext3 FF60  
                       __ptext4 FEA8           _OSCILLATOR_Initialize FEA8        ??_PIN_MANAGER_Initialize 0501  
          end_of_initialization FE94          ?_OSCILLATOR_Initialize 0501             start_initialization FE94  
              ??_PMD_Initialize 0501          _PIN_MANAGER_Initialize FF60                        _LATFbits 0004C3  
                      __Hrparam 0000                        __Lrparam 0000         ??_OSCILLATOR_Initialize 0501  
                      isa$xinst 000000         ?_PIN_MANAGER_Initialize 0501  __end_of_PIN_MANAGER_Initialize FFFC  
